"../../../Engine/Content/Maps/Templates/Thumbnails/Default.uasset" 0
"../../../Engine/Content/Maps/Templates/Thumbnails/Default.uexp" 1
"../../../Engine/Content/Maps/Templates/Thumbnails/TimeOfDay.uasset" 2
"../../../Engine/Content/Maps/Templates/Thumbnails/TimeOfDay.uexp" 3
"../../../Engine/Content/Maps/Templates/Thumbnails/VR-Basic.uasset" 4
"../../../Engine/Content/Maps/Templates/Thumbnails/VR-Basic.uexp" 5
"../../../Engine/Content/MobileResources/T_MobileControls_texture.uasset" 6
"../../../Engine/Content/MobileResources/T_MobileControls_texture.uexp" 7
"../../../Engine/Content/MobileResources/T_MobileMenu2.uasset" 8
"../../../Engine/Content/MobileResources/T_MobileMenu2.uexp" 9
"../../../Engine/Content/MobileResources/HUD/MobileHUDDirectionPad3.uasset" 10
"../../../Engine/Content/MobileResources/HUD/MobileHUDDirectionPad3.uexp" 11
"../../../Engine/Content/MobileResources/HUD/MobileHUDButton2_off.uasset" 12
"../../../Engine/Content/MobileResources/HUD/MobileHUDButton2_off.uexp" 13
"../../../Engine/Content/MobileResources/HUD/MobileHUDButton3.uasset" 14
"../../../Engine/Content/MobileResources/HUD/MobileHUDButton3.uexp" 15
"../../../Engine/Content/MobileResources/HUD/T_Castle_ThumbstickInner.uasset" 16
"../../../Engine/Content/MobileResources/HUD/T_Castle_ThumbstickInner.uexp" 17
"../../../Engine/Content/MobileResources/HUD/MobileHUDDirectionStick.uasset" 18
"../../../Engine/Content/MobileResources/HUD/MobileHUDDirectionStick.uexp" 19
"../../../Engine/Content/MobileResources/HUD/VirtualJoystick_Background.uasset" 20
"../../../Engine/Content/MobileResources/HUD/VirtualJoystick_Background.uexp" 21
"../../../Engine/Content/MobileResources/HUD/VirtualJoystick_Thumb.uasset" 22
"../../../Engine/Content/MobileResources/HUD/VirtualJoystick_Thumb.uexp" 23
"../../../Engine/Content/MobileResources/HUD/DefaultVirtualJoysticks.uasset" 24
"../../../Engine/Content/MobileResources/HUD/DefaultVirtualJoysticks.uexp" 25
"../../../Engine/Content/MobileResources/HUD/T_Castle_ThumbstickOutter.uasset" 26
"../../../Engine/Content/MobileResources/HUD/T_Castle_ThumbstickOutter.uexp" 27
"../../../Engine/Content/MobileResources/HUD/MobileHUDButton2_on.uasset" 28
"../../../Engine/Content/MobileResources/HUD/MobileHUDButton2_on.uexp" 29
"../../../Engine/Content/MobileResources/HUD/MobileHUDDirectionPad2.uasset" 30
"../../../Engine/Content/MobileResources/HUD/MobileHUDDirectionPad2.uexp" 31
"../../../Engine/Content/MobileResources/HUD/MobileHUDDirectionPad.uasset" 32
"../../../Engine/Content/MobileResources/HUD/MobileHUDDirectionPad.uexp" 33
"../../../Engine/Content/MobileResources/HUD/AnalogHat.uasset" 34
"../../../Engine/Content/MobileResources/HUD/AnalogHat.uexp" 35
"../../../Engine/Content/MobileResources/HUD/MobileHUDButton1_on.uasset" 36
"../../../Engine/Content/MobileResources/HUD/MobileHUDButton1_on.uexp" 37
"../../../Engine/Content/MobileResources/HUD/MobileHUDButtonFire.uasset" 38
"../../../Engine/Content/MobileResources/HUD/MobileHUDButtonFire.uexp" 39
"../../../Engine/Content/MobileResources/HUD/LeftVirtualJoystickOnly.uasset" 40
"../../../Engine/Content/MobileResources/HUD/LeftVirtualJoystickOnly.uexp" 41
"../../../Engine/Content/MobileResources/HUD/MobileHUDButton1_off.uasset" 42
"../../../Engine/Content/MobileResources/HUD/MobileHUDButton1_off.uexp" 43
"../../../Engine/Content/Tutorial/ContentIntroCurve.uasset" 44
"../../../Engine/Content/Tutorial/ContentIntroCurve.uexp" 45
"../../../Engine/Content/Tutorial/Basics/TutorialAssets/icon_tab_Levels_40x.uasset" 46
"../../../Engine/Content/Tutorial/Basics/TutorialAssets/icon_tab_Levels_40x.uexp" 47
"../../../Engine/Content/EngineResources/DefaultTextureCube.uasset" 48
"../../../Engine/Content/EngineResources/DefaultTextureCube.uexp" 49
"../../../Engine/Content/EngineResources/DefaultTexture.uasset" 50
"../../../Engine/Content/EngineResources/DefaultTexture.uexp" 51
"../../../Engine/Content/EngineResources/DefaultTexture.ubulk" 52
"../../../Engine/Content/EngineResources/DefaultVolumeTexture2D.uasset" 53
"../../../Engine/Content/EngineResources/DefaultVolumeTexture2D.uexp" 54
"../../../Engine/Content/EngineResources/DefaultVolumeTexture.uasset" 55
"../../../Engine/Content/EngineResources/DefaultVolumeTexture.uexp" 56
"../../../Engine/Content/EngineResources/StreamingPauseIcon.uasset" 57
"../../../Engine/Content/EngineResources/StreamingPauseIcon.uexp" 58
"../../../Engine/Content/EngineResources/M_StreamingPause.uasset" 59
"../../../Engine/Content/EngineResources/M_StreamingPause.uexp" 60
"../../../Engine/Content/EngineResources/GradientTexture0.uasset" 61
"../../../Engine/Content/EngineResources/GradientTexture0.uexp" 62
"../../../Engine/Content/EditorLandscapeResources/DataLayer.uasset" 63
"../../../Engine/Content/EditorLandscapeResources/DataLayer.uexp" 64
"../../../Engine/Content/EditorLandscapeResources/LandscapeGizmo_Mat.uasset" 65
"../../../Engine/Content/EditorLandscapeResources/LandscapeGizmo_Mat.uexp" 66
"../../../Engine/Content/EditorLandscapeResources/LandscapeGizmo_Mat_Copied.uasset" 67
"../../../Engine/Content/EditorLandscapeResources/LandscapeGizmo_Mat_Copied.uexp" 68
"../../../Engine/Content/EditorLandscapeResources/SplineEditorMeshMat.uasset" 69
"../../../Engine/Content/EditorLandscapeResources/SplineEditorMeshMat.uexp" 70
"../../../Engine/Content/EditorLandscapeResources/SplineEditorMesh.uasset" 71
"../../../Engine/Content/EditorLandscapeResources/SplineEditorMesh.uexp" 72
"../../../Engine/Content/EditorLandscapeResources/LandscapeGizmoHeight_Mat.uasset" 73
"../../../Engine/Content/EditorLandscapeResources/LandscapeGizmoHeight_Mat.uexp" 74
"../../../Engine/Content/EditorLandscapeResources/DefaultAlphaTexture.uasset" 75
"../../../Engine/Content/EditorLandscapeResources/DefaultAlphaTexture.uexp" 76
"../../../Engine/Content/EditorSounds/Notifications/CompileSuccess.uasset" 77
"../../../Engine/Content/EditorSounds/Notifications/CompileSuccess.uexp" 78
"../../../Engine/Content/EditorSounds/Notifications/CompileSuccess_Cue.uasset" 79
"../../../Engine/Content/EditorSounds/Notifications/CompileSuccess_Cue.uexp" 80
"../../../Engine/Content/EditorSounds/Notifications/CompileFailed.uasset" 81
"../../../Engine/Content/EditorSounds/Notifications/CompileFailed.uexp" 82
"../../../Engine/Content/EditorSounds/Notifications/CompileFailed_Cue.uasset" 83
"../../../Engine/Content/EditorSounds/Notifications/CompileFailed_Cue.uexp" 84
"../../../Engine/Content/EditorSounds/Notifications/CompileStart_Cue.uasset" 85
"../../../Engine/Content/EditorSounds/Notifications/CompileStart_Cue.uexp" 86
"../../../Engine/Content/EditorMeshes/EditorCube.uasset" 87
"../../../Engine/Content/EditorMeshes/EditorCube.uexp" 88
"../../../Engine/Content/EditorMeshes/EditorPlane.uasset" 89
"../../../Engine/Content/EditorMeshes/EditorPlane.uexp" 90
"../../../Engine/Content/EditorResources/MatineeCam_D.uasset" 91
"../../../Engine/Content/EditorResources/MatineeCam_D.uexp" 92
"../../../Engine/Content/EditorMaterials/MatineeCam_mat.uasset" 93
"../../../Engine/Content/EditorMaterials/MatineeCam_mat.uexp" 94
"../../../Engine/Content/EditorMeshes/MatineeCam_SM.uasset" 95
"../../../Engine/Content/EditorMeshes/MatineeCam_SM.uexp" 96
"../../../Engine/Content/EditorMeshes/EditorCylinder.uasset" 97
"../../../Engine/Content/EditorMeshes/EditorCylinder.uexp" 98
"../../../Engine/Content/EditorMaterials/Thumbnails/SkySphereMaterial.uasset" 99
"../../../Engine/Content/EditorMaterials/Thumbnails/SkySphereMaterial.uexp" 100
"../../../Engine/Content/EditorMeshes/EditorSkySphere.uasset" 101
"../../../Engine/Content/EditorMeshes/EditorSkySphere.uexp" 102
"../../../Engine/Content/EngineMaterials/T_Default_Material_Grid_N.uasset" 103
"../../../Engine/Content/EngineMaterials/T_Default_Material_Grid_N.uexp" 104
"../../../Engine/Content/EngineMaterials/T_Default_Material_Grid_N.ubulk" 105
"../../../Engine/Content/EngineMaterials/T_Default_Material_Grid_M.uasset" 106
"../../../Engine/Content/EngineMaterials/T_Default_Material_Grid_M.uexp" 107
"../../../Engine/Content/EngineMaterials/T_Default_Material_Grid_M.ubulk" 108
"../../../Engine/Content/Functions/Engine_MaterialFunctions01/Opacity/CameraDepthFade.uasset" 109
"../../../Engine/Content/Functions/Engine_MaterialFunctions01/Opacity/CameraDepthFade.uexp" 110
"../../../Engine/Content/EngineMaterials/WorldGridMaterial.uasset" 111
"../../../Engine/Content/EngineMaterials/WorldGridMaterial.uexp" 112
"../../../Engine/Content/EditorMeshes/PlanarReflectionPlane.uasset" 113
"../../../Engine/Content/EditorMeshes/PlanarReflectionPlane.uexp" 114
"../../../Engine/Content/EditorMeshes/EditorSphere.uasset" 115
"../../../Engine/Content/EditorMeshes/EditorSphere.uexp" 116
"../../../Engine/Content/EditorMaterials/Camera/CineMat.uasset" 117
"../../../Engine/Content/EditorMaterials/Camera/CineMat.uexp" 118
"../../../Engine/Content/EditorMaterials/Camera/MI_CineMat_Rig.uasset" 119
"../../../Engine/Content/EditorMaterials/Camera/MI_CineMat_Rig.uexp" 120
"../../../Engine/Content/EditorMeshes/Camera/SM_CraneRig_Body.uasset" 121
"../../../Engine/Content/EditorMeshes/Camera/SM_CraneRig_Body.uexp" 122
"../../../Engine/Content/EditorMeshes/Camera/SM_RailRig_Mount.uasset" 123
"../../../Engine/Content/EditorMeshes/Camera/SM_RailRig_Mount.uexp" 124
"../../../Engine/Content/EngineDebugMaterials/M_SimpleOpaque.uasset" 125
"../../../Engine/Content/EngineDebugMaterials/M_SimpleOpaque.uexp" 126
"../../../Engine/Content/EditorMaterials/Camera/MI_CineMat_CamViewFinder.uasset" 127
"../../../Engine/Content/EditorMaterials/Camera/MI_CineMat_CamViewFinder.uexp" 128
"../../../Engine/Content/EditorMaterials/Camera/MI_CineMat_CameraBody.uasset" 129
"../../../Engine/Content/EditorMaterials/Camera/MI_CineMat_CameraBody.uexp" 130
"../../../Engine/Content/EditorMeshes/Camera/SM_CineCam.uasset" 131
"../../../Engine/Content/EditorMeshes/Camera/SM_CineCam.uexp" 132
"../../../Engine/Content/EditorMeshes/Camera/SM_CraneRig_Base.uasset" 133
"../../../Engine/Content/EditorMeshes/Camera/SM_CraneRig_Base.uexp" 134
"../../../Engine/Content/EditorMeshes/Camera/SM_CraneRig_Mount.uasset" 135
"../../../Engine/Content/EditorMeshes/Camera/SM_CraneRig_Mount.uexp" 136
"../../../Engine/Content/EditorMeshes/Camera/SM_CraneRig_Arm.uasset" 137
"../../../Engine/Content/EditorMeshes/Camera/SM_CraneRig_Arm.uexp" 138
"../../../Engine/Content/EditorMeshes/Camera/SM_RailRig_Track.uasset" 139
"../../../Engine/Content/EditorMeshes/Camera/SM_RailRig_Track.uexp" 140
"../../../Engine/Content/EditorMeshes/ColorCalibrator/M_ChromeBall.uasset" 141
"../../../Engine/Content/EditorMeshes/ColorCalibrator/M_ChromeBall.uexp" 142
"../../../Engine/Content/EngineFonts/Faces/RobotoTiny.uasset" 143
"../../../Engine/Content/EngineFonts/Faces/RobotoTiny.uexp" 144
"../../../Engine/Content/EngineFonts/Faces/RobotoTiny.ufont" 145
"../../../Engine/Content/EngineFonts/Faces/DroidSansFallback.uasset" 146
"../../../Engine/Content/EngineFonts/Faces/DroidSansFallback.uexp" 147
"../../../Engine/Content/EngineFonts/Faces/DroidSansFallback.ufont" 148
"../../../Engine/Content/EngineFonts/RobotoTiny.uasset" 149
"../../../Engine/Content/EngineFonts/RobotoTiny.uexp" 150
"../../../Engine/Content/EngineFonts/SmallFont.uasset" 151
"../../../Engine/Content/EngineFonts/SmallFont.uexp" 152
"../../../Engine/Content/EngineFonts/Faces/RobotoRegular.uasset" 153
"../../../Engine/Content/EngineFonts/Faces/RobotoRegular.uexp" 154
"../../../Engine/Content/EngineFonts/Faces/RobotoRegular.ufont" 155
"../../../Engine/Content/EngineFonts/Faces/RobotoLight.uasset" 156
"../../../Engine/Content/EngineFonts/Faces/RobotoLight.uexp" 157
"../../../Engine/Content/EngineFonts/Faces/RobotoLight.ufont" 158
"../../../Engine/Content/EngineFonts/Faces/RobotoItalic.uasset" 159
"../../../Engine/Content/EngineFonts/Faces/RobotoItalic.uexp" 160
"../../../Engine/Content/EngineFonts/Faces/RobotoItalic.ufont" 161
"../../../Engine/Content/EngineFonts/Faces/RobotoBoldItalic.uasset" 162
"../../../Engine/Content/EngineFonts/Faces/RobotoBoldItalic.uexp" 163
"../../../Engine/Content/EngineFonts/Faces/RobotoBoldItalic.ufont" 164
"../../../Engine/Content/EngineFonts/Faces/RobotoBold.uasset" 165
"../../../Engine/Content/EngineFonts/Faces/RobotoBold.uexp" 166
"../../../Engine/Content/EngineFonts/Faces/RobotoBold.ufont" 167
"../../../Engine/Content/EngineFonts/Roboto.uasset" 168
"../../../Engine/Content/EngineFonts/Roboto.uexp" 169
"../../../Engine/Content/EngineFonts/TinyFont.uasset" 170
"../../../Engine/Content/EngineFonts/TinyFont.uexp" 171
"../../../Engine/Content/EngineDamageTypes/DmgTypeBP_Environmental.uasset" 172
"../../../Engine/Content/EngineDamageTypes/DmgTypeBP_Environmental.uexp" 173
"../../../Engine/Content/ArtTools/RenderToTexture/Meshes/S_1_Unit_Plane.uasset" 174
"../../../Engine/Content/ArtTools/RenderToTexture/Meshes/S_1_Unit_Plane.uexp" 175
"../../../Engine/Content/EngineResources/WhiteSquareTexture.uasset" 176
"../../../Engine/Content/EngineResources/WhiteSquareTexture.uexp" 177
"../../../Engine/Content/EngineMaterials/Widget3DPassThrough.uasset" 178
"../../../Engine/Content/EngineMaterials/Widget3DPassThrough.uexp" 179
"../../../Engine/Content/EngineMaterials/Widget3DPassThrough_Masked.uasset" 180
"../../../Engine/Content/EngineMaterials/Widget3DPassThrough_Masked.uexp" 181
"../../../Engine/Content/EngineMaterials/WeightMapPlaceholderTexture.uasset" 182
"../../../Engine/Content/EngineMaterials/WeightMapPlaceholderTexture.uexp" 183
"../../../Engine/Content/EngineMaterials/Widget3DPassThrough_Translucent.uasset" 184
"../../../Engine/Content/EngineMaterials/Widget3DPassThrough_Translucent.uexp" 185
"../../../Engine/Content/EngineMaterials/Widget3DPassThrough_Translucent_OneSided.uasset" 186
"../../../Engine/Content/EngineMaterials/Widget3DPassThrough_Translucent_OneSided.uexp" 187
"../../../Engine/Content/EngineMaterials/PaperDiffuse.uasset" 188
"../../../Engine/Content/EngineMaterials/PaperDiffuse.uexp" 189
"../../../Engine/Content/EngineMaterials/BlinkingCaret.uasset" 190
"../../../Engine/Content/EngineMaterials/BlinkingCaret.uexp" 191
"../../../Engine/Content/EngineMaterials/EditorBrushMaterial.uasset" 192
"../../../Engine/Content/EngineMaterials/EditorBrushMaterial.uexp" 193
"../../../Engine/Content/EngineMaterials/PaperNormal.uasset" 194
"../../../Engine/Content/EngineMaterials/PaperNormal.uexp" 195
"../../../Engine/Content/Functions/Engine_MaterialFunctions02/WorldPositionOffset/CameraOffset.uasset" 196
"../../../Engine/Content/Functions/Engine_MaterialFunctions02/WorldPositionOffset/CameraOffset.uexp" 197
"../../../Engine/Content/EngineMaterials/PhAT_JointLimitMaterial.uasset" 198
"../../../Engine/Content/EngineMaterials/PhAT_JointLimitMaterial.uexp" 199
"../../../Engine/Content/EngineMaterials/GizmoMaterial.uasset" 200
"../../../Engine/Content/EngineMaterials/GizmoMaterial.uexp" 201
"../../../Engine/Content/EngineMaterials/DefaultNormal.uasset" 202
"../../../Engine/Content/EngineMaterials/DefaultNormal.uexp" 203
"../../../Engine/Content/EngineMaterials/DefaultNormal.ubulk" 204
"../../../Engine/Content/Functions/Engine_MaterialFunctions02/Utility/BreakOutFloat2Components.uasset" 205
"../../../Engine/Content/Functions/Engine_MaterialFunctions02/Utility/BreakOutFloat2Components.uexp" 206
"../../../Engine/Content/EngineMaterials/HighResScreenshotCaptureRegion.uasset" 207
"../../../Engine/Content/EngineMaterials/HighResScreenshotCaptureRegion.uexp" 208
"../../../Engine/Content/EngineMaterials/LandscapeHolePhysicalMaterial.uasset" 209
"../../../Engine/Content/EngineMaterials/LandscapeHolePhysicalMaterial.uexp" 210
"../../../Engine/Content/EngineMaterials/BlueNoise.uasset" 211
"../../../Engine/Content/EngineMaterials/BlueNoise.uexp" 212
"../../../Engine/Content/EngineMaterials/DefaultWhiteGrid_Low.uasset" 213
"../../../Engine/Content/EngineMaterials/DefaultWhiteGrid_Low.uexp" 214
"../../../Engine/Content/EngineMaterials/EmissiveMeshMaterial.uasset" 215
"../../../Engine/Content/EngineMaterials/EmissiveMeshMaterial.uexp" 216
"../../../Engine/Content/EngineMaterials/Widget3DPassThrough_Opaque.uasset" 217
"../../../Engine/Content/EngineMaterials/Widget3DPassThrough_Opaque.uexp" 218
"../../../Engine/Content/EngineMaterials/Widget3DPassThrough_Masked_OneSided.uasset" 219
"../../../Engine/Content/EngineMaterials/Widget3DPassThrough_Masked_OneSided.uexp" 220
"../../../Engine/Content/EngineMaterials/DefaultBloomKernel.uasset" 221
"../../../Engine/Content/EngineMaterials/DefaultBloomKernel.uexp" 222
"../../../Engine/Content/EngineMaterials/HighResolutionScreenshotMaskFunction.uasset" 223
"../../../Engine/Content/EngineMaterials/HighResolutionScreenshotMaskFunction.uexp" 224
"../../../Engine/Content/EngineMaterials/HighResScreenshot.uasset" 225
"../../../Engine/Content/EngineMaterials/HighResScreenshot.uexp" 226
"../../../Engine/Content/EngineMaterials/RemoveSurfaceMaterial.uasset" 227
"../../../Engine/Content/EngineMaterials/RemoveSurfaceMaterial.uexp" 228
"../../../Engine/Content/EngineMaterials/DefaultDiffuse.uasset" 229
"../../../Engine/Content/EngineMaterials/DefaultDiffuse.uexp" 230
"../../../Engine/Content/EngineMaterials/DefaultDiffuse.ubulk" 231
"../../../Engine/Content/EngineMaterials/DefaultDeferredDecalMaterial.uasset" 232
"../../../Engine/Content/EngineMaterials/DefaultDeferredDecalMaterial.uexp" 233
"../../../Engine/Content/EngineMaterials/DefaultPostProcessMaterial.uasset" 234
"../../../Engine/Content/EngineMaterials/DefaultPostProcessMaterial.uexp" 235
"../../../Engine/Content/Functions/Engine_MaterialFunctions01/ImageAdjustment/sRGBToLinear.uasset" 236
"../../../Engine/Content/Functions/Engine_MaterialFunctions01/ImageAdjustment/sRGBToLinear.uexp" 237
"../../../Engine/Content/Functions/Engine_MaterialFunctions02/Utility/BreakOutFloat3Components.uasset" 238
"../../../Engine/Content/Functions/Engine_MaterialFunctions02/Utility/BreakOutFloat3Components.uexp" 239
"../../../Engine/Content/Functions/Engine_MaterialFunctions02/Utility/MakeFloat3.uasset" 240
"../../../Engine/Content/Functions/Engine_MaterialFunctions02/Utility/MakeFloat3.uexp" 241
"../../../Engine/Content/EngineMaterials/Widget3DCameraPassThrough_Opaque_OneSided.uasset" 242
"../../../Engine/Content/EngineMaterials/Widget3DCameraPassThrough_Opaque_OneSided.uexp" 243
"../../../Engine/Content/EngineMaterials/BaseFlattenNormalMap.uasset" 244
"../../../Engine/Content/EngineMaterials/BaseFlattenNormalMap.uexp" 245
"../../../Engine/Content/EngineMaterials/BaseFlattenEmissiveMap.uasset" 246
"../../../Engine/Content/EngineMaterials/BaseFlattenEmissiveMap.uexp" 247
"../../../Engine/Content/EngineMaterials/BaseFlattenGrayscaleMap.uasset" 248
"../../../Engine/Content/EngineMaterials/BaseFlattenGrayscaleMap.uexp" 249
"../../../Engine/Content/EngineMaterials/BaseFlattenDiffuseMap.uasset" 250
"../../../Engine/Content/EngineMaterials/BaseFlattenDiffuseMap.uexp" 251
"../../../Engine/Content/EngineMaterials/BaseFlattenMaterial.uasset" 252
"../../../Engine/Content/EngineMaterials/BaseFlattenMaterial.uexp" 253
"../../../Engine/Content/EngineMaterials/InvalidLightmapSettings.uasset" 254
"../../../Engine/Content/EngineMaterials/InvalidLightmapSettings.uexp" 255
"../../../Engine/Content/EngineMaterials/InvalidLightmapSettings.ubulk" 256
"../../../Engine/Content/EngineMaterials/M_InvalidLightmapSettings.uasset" 257
"../../../Engine/Content/EngineMaterials/M_InvalidLightmapSettings.uexp" 258
"../../../Engine/Content/EngineMaterials/HighResScreenshotMask.uasset" 259
"../../../Engine/Content/EngineMaterials/HighResScreenshotMask.uexp" 260
"../../../Engine/Content/EngineFonts/RobotoDistanceField.uasset" 261
"../../../Engine/Content/EngineFonts/RobotoDistanceField.uexp" 262
"../../../Engine/Content/EngineMaterials/DefaultTextMaterialOpaque.uasset" 263
"../../../Engine/Content/EngineMaterials/DefaultTextMaterialOpaque.uexp" 264
"../../../Engine/Content/EngineMaterials/PreintegratedSkinBRDF.uasset" 265
"../../../Engine/Content/EngineMaterials/PreintegratedSkinBRDF.uexp" 266
"../../../Engine/Content/EngineMaterials/Widget3DPassThrough_Opaque_OneSided.uasset" 267
"../../../Engine/Content/EngineMaterials/Widget3DPassThrough_Opaque_OneSided.uexp" 268
"../../../Engine/Content/EngineMaterials/PhysMat_Rubber.uasset" 269
"../../../Engine/Content/EngineMaterials/PhysMat_Rubber.uexp" 270
"../../../Engine/Content/EngineMaterials/DefaultBokeh.uasset" 271
"../../../Engine/Content/EngineMaterials/DefaultBokeh.uexp" 272
"../../../Engine/Content/EngineMaterials/DefaultLightFunctionMaterial.uasset" 273
"../../../Engine/Content/EngineMaterials/DefaultLightFunctionMaterial.uexp" 274
"../../../Engine/Content/EngineMaterials/Grid_N.uasset" 275
"../../../Engine/Content/EngineMaterials/Grid_N.uexp" 276
"../../../Engine/Content/EngineMaterials/Grid_N.ubulk" 277
"../../../Engine/Content/EngineDebugMaterials/DebugEditorMaterial.uasset" 278
"../../../Engine/Content/EngineDebugMaterials/DebugEditorMaterial.uexp" 279
"../../../Engine/Content/Functions/Engine_MaterialFunctions01/Shading/ConvertFromDiffSpec.uasset" 280
"../../../Engine/Content/Functions/Engine_MaterialFunctions01/Shading/ConvertFromDiffSpec.uexp" 281
"../../../Engine/Content/EngineDebugMaterials/VertexColorMaterial.uasset" 282
"../../../Engine/Content/EngineDebugMaterials/VertexColorMaterial.uexp" 283
"../../../Engine/Content/EngineDebugMaterials/GeomMaterial.uasset" 284
"../../../Engine/Content/EngineDebugMaterials/GeomMaterial.uexp" 285
"../../../Engine/Content/EngineDebugMaterials/WireframeMaterial.uasset" 286
"../../../Engine/Content/EngineDebugMaterials/WireframeMaterial.uexp" 287
"../../../Engine/Content/EngineDebugMaterials/HeatmapGradient.uasset" 288
"../../../Engine/Content/EngineDebugMaterials/HeatmapGradient.uexp" 289
"../../../Engine/Content/EngineDebugMaterials/HeatmapGradient.ubulk" 290
"../../../Engine/Content/EngineDebugMaterials/BoneWeightMaterial.uasset" 291
"../../../Engine/Content/EngineDebugMaterials/BoneWeightMaterial.uexp" 292
"../../../Engine/Content/EngineDebugMaterials/VolumeToRender.uasset" 293
"../../../Engine/Content/EngineDebugMaterials/VolumeToRender.uexp" 294
"../../../Engine/Content/Functions/Engine_MaterialFunctions02/Utility/CameraDirectionVector.uasset" 295
"../../../Engine/Content/Functions/Engine_MaterialFunctions02/Utility/CameraDirectionVector.uexp" 296
"../../../Engine/Content/EngineDebugMaterials/M_VolumeRenderSphereTracePP.uasset" 297
"../../../Engine/Content/EngineDebugMaterials/M_VolumeRenderSphereTracePP.uexp" 298
"../../../Engine/Content/EngineDebugMaterials/VertexColorViewMode_BlueOnly.uasset" 299
"../../../Engine/Content/EngineDebugMaterials/VertexColorViewMode_BlueOnly.uexp" 300
"../../../Engine/Content/EngineDebugMaterials/LevelColorationLitMaterial.uasset" 301
"../../../Engine/Content/EngineDebugMaterials/LevelColorationLitMaterial.uexp" 302
"../../../Engine/Content/EngineDebugMaterials/VertexColorViewMode_AlphaAsColor.uasset" 303
"../../../Engine/Content/EngineDebugMaterials/VertexColorViewMode_AlphaAsColor.uexp" 304
"../../../Engine/Content/EngineDebugMaterials/VertexColorViewMode_RedOnly.uasset" 305
"../../../Engine/Content/EngineDebugMaterials/VertexColorViewMode_RedOnly.uexp" 306
"../../../Engine/Content/EngineDebugMaterials/ShadedLevelColorationUnlitMateri.uasset" 307
"../../../Engine/Content/EngineDebugMaterials/ShadedLevelColorationUnlitMateri.uexp" 308
"../../../Engine/Content/EngineDebugMaterials/ClothMaterial.uasset" 309
"../../../Engine/Content/EngineDebugMaterials/ClothMaterial.uexp" 310
"../../../Engine/Content/EngineDebugMaterials/ClothMaterial_WF.uasset" 311
"../../../Engine/Content/EngineDebugMaterials/ClothMaterial_WF.uexp" 312
"../../../Engine/Content/EngineDebugMaterials/PhysicalMaterialMaskMaterial.uasset" 313
"../../../Engine/Content/EngineDebugMaterials/PhysicalMaterialMaskMaterial.uexp" 314
"../../../Engine/Content/EngineDebugMaterials/M_SimpleUnlitTranslucent.uasset" 315
"../../../Engine/Content/EngineDebugMaterials/M_SimpleUnlitTranslucent.uexp" 316
"../../../Engine/Content/EngineDebugMaterials/VertexColorViewMode_GreenOnly.uasset" 317
"../../../Engine/Content/EngineDebugMaterials/VertexColorViewMode_GreenOnly.uexp" 318
"../../../Engine/Content/EngineMaterials/DefaultWhiteGrid.uasset" 319
"../../../Engine/Content/EngineMaterials/DefaultWhiteGrid.uexp" 320
"../../../Engine/Content/EngineMaterials/DefaultWhiteGrid.ubulk" 321
"../../../Engine/Content/EngineDebugMaterials/MAT_LevelColorationLitLightmapUV.uasset" 322
"../../../Engine/Content/EngineDebugMaterials/MAT_LevelColorationLitLightmapUV.uexp" 323
"../../../Engine/Content/EngineDebugMaterials/DebugMeshMaterial.uasset" 324
"../../../Engine/Content/EngineDebugMaterials/DebugMeshMaterial.uexp" 325
"../../../Engine/Content/EngineDebugMaterials/VertexColorViewMode_ColorOnly.uasset" 326
"../../../Engine/Content/EngineDebugMaterials/VertexColorViewMode_ColorOnly.uexp" 327
"../../../Engine/Content/EngineDebugMaterials/LevelColorationUnlitMaterial.uasset" 328
"../../../Engine/Content/EngineDebugMaterials/LevelColorationUnlitMaterial.uexp" 329
"../../../Engine/Content/EngineDebugMaterials/ShadedLevelColorationLitMaterial.uasset" 330
"../../../Engine/Content/EngineDebugMaterials/ShadedLevelColorationLitMaterial.uexp" 331
"../../../Engine/Content/EditorResources/S_Emitter.uasset" 332
"../../../Engine/Content/EditorResources/S_Emitter.uexp" 333
"../../../Engine/Content/EditorResources/S_Emitter.ubulk" 334
"../../../Engine/Content/EditorResources/S_LevelSequence.uasset" 335
"../../../Engine/Content/EditorResources/S_LevelSequence.uexp" 336
"../../../Engine/Content/EditorResources/S_LevelSequence.ubulk" 337
"../../../Engine/Content/EditorResources/S_Thruster.uasset" 338
"../../../Engine/Content/EditorResources/S_Thruster.uexp" 339
"../../../Engine/Content/EditorResources/S_Thruster.ubulk" 340
"../../../Engine/Content/EditorResources/S_WindDirectional.uasset" 341
"../../../Engine/Content/EditorResources/S_WindDirectional.uexp" 342
"../../../Engine/Content/EditorResources/S_WindDirectional.ubulk" 343
"../../../Engine/Content/EditorResources/S_KBSJoint.uasset" 344
"../../../Engine/Content/EditorResources/S_KBSJoint.uexp" 345
"../../../Engine/Content/EditorResources/S_KBSJoint.ubulk" 346
"../../../Engine/Content/EditorResources/S_ReflActorIcon.uasset" 347
"../../../Engine/Content/EditorResources/S_ReflActorIcon.uexp" 348
"../../../Engine/Content/EditorResources/S_ReflActorIcon.ubulk" 349
"../../../Engine/Content/EditorResources/Bad.uasset" 350
"../../../Engine/Content/EditorResources/Bad.uexp" 351
"../../../Engine/Content/EditorResources/Bad.ubulk" 352
"../../../Engine/Content/EditorResources/S_SkyAtmosphere.uasset" 353
"../../../Engine/Content/EditorResources/S_SkyAtmosphere.uexp" 354
"../../../Engine/Content/EditorResources/S_SkyAtmosphere.ubulk" 355
"../../../Engine/Content/EditorResources/S_DecalActorIcon.uasset" 356
"../../../Engine/Content/EditorResources/S_DecalActorIcon.uexp" 357
"../../../Engine/Content/EditorResources/S_DecalActorIcon.ubulk" 358
"../../../Engine/Content/EditorResources/SmallFont.uasset" 359
"../../../Engine/Content/EditorResources/SmallFont.uexp" 360
"../../../Engine/Content/EditorResources/S_Player.uasset" 361
"../../../Engine/Content/EditorResources/S_Player.uexp" 362
"../../../Engine/Content/EditorResources/S_Player.ubulk" 363
"../../../Engine/Content/EditorResources/S_KPrismatic.uasset" 364
"../../../Engine/Content/EditorResources/S_KPrismatic.uexp" 365
"../../../Engine/Content/EditorResources/S_KPrismatic.ubulk" 366
"../../../Engine/Content/EditorResources/S_Note.uasset" 367
"../../../Engine/Content/EditorResources/S_Note.uexp" 368
"../../../Engine/Content/EditorResources/S_Note.ubulk" 369
"../../../Engine/Content/EditorResources/S_VectorFieldVol.uasset" 370
"../../../Engine/Content/EditorResources/S_VectorFieldVol.uexp" 371
"../../../Engine/Content/EditorResources/S_VectorFieldVol.ubulk" 372
"../../../Engine/Content/EditorResources/S_CameraShakeSource.uasset" 373
"../../../Engine/Content/EditorResources/S_CameraShakeSource.uexp" 374
"../../../Engine/Content/EditorResources/S_Solver.uasset" 375
"../../../Engine/Content/EditorResources/S_Solver.uexp" 376
"../../../Engine/Content/EditorResources/S_Solver.ubulk" 377
"../../../Engine/Content/EditorResources/S_NavP.uasset" 378
"../../../Engine/Content/EditorResources/S_NavP.uexp" 379
"../../../Engine/Content/EditorResources/S_NavP.ubulk" 380
"../../../Engine/Content/EditorResources/S_KHinge.uasset" 381
"../../../Engine/Content/EditorResources/S_KHinge.uexp" 382
"../../../Engine/Content/EditorResources/S_KHinge.ubulk" 383
"../../../Engine/Content/EditorResources/S_ExpoHeightFog.uasset" 384
"../../../Engine/Content/EditorResources/S_ExpoHeightFog.uexp" 385
"../../../Engine/Content/EditorResources/S_ExpoHeightFog.ubulk" 386
"../../../Engine/Content/EditorResources/S_FTest.uasset" 387
"../../../Engine/Content/EditorResources/S_FTest.uexp" 388
"../../../Engine/Content/EditorResources/S_PortalActorIcon2.uasset" 389
"../../../Engine/Content/EditorResources/S_PortalActorIcon2.uexp" 390
"../../../Engine/Content/EditorResources/S_PortalActorIcon2.ubulk" 391
"../../../Engine/Content/EditorResources/SceneManager.uasset" 392
"../../../Engine/Content/EditorResources/SceneManager.uexp" 393
"../../../Engine/Content/EditorResources/SceneManager.ubulk" 394
"../../../Engine/Content/EditorResources/S_TextRenderActorIcon.uasset" 395
"../../../Engine/Content/EditorResources/S_TextRenderActorIcon.uexp" 396
"../../../Engine/Content/EditorResources/S_TextRenderActorIcon.ubulk" 397
"../../../Engine/Content/EditorResources/S_RadForce.uasset" 398
"../../../Engine/Content/EditorResources/S_RadForce.uexp" 399
"../../../Engine/Content/EditorResources/S_RadForce.ubulk" 400
"../../../Engine/Content/EditorResources/S_Terrain.uasset" 401
"../../../Engine/Content/EditorResources/S_Terrain.uexp" 402
"../../../Engine/Content/EditorResources/S_Terrain.ubulk" 403
"../../../Engine/Content/EditorResources/S_Trigger.uasset" 404
"../../../Engine/Content/EditorResources/S_Trigger.uexp" 405
"../../../Engine/Content/EditorResources/S_Trigger.ubulk" 406
"../../../Engine/Content/EditorResources/S_VolumetricCloud.uasset" 407
"../../../Engine/Content/EditorResources/S_VolumetricCloud.uexp" 408
"../../../Engine/Content/EditorResources/S_VolumetricCloud.ubulk" 409
"../../../Engine/Content/EditorResources/S_Actor.uasset" 410
"../../../Engine/Content/EditorResources/S_Actor.uexp" 411
"../../../Engine/Content/EditorResources/S_Actor.ubulk" 412
"../../../Engine/Content/EditorResources/EmptyActor.uasset" 413
"../../../Engine/Content/EditorResources/EmptyActor.uexp" 414
"../../../Engine/Content/EditorResources/BSPVertex.uasset" 415
"../../../Engine/Content/EditorResources/BSPVertex.uexp" 416
"../../../Engine/Content/EditorResources/MatInstActSprite.uasset" 417
"../../../Engine/Content/EditorResources/MatInstActSprite.uexp" 418
"../../../Engine/Content/EditorResources/MatInstActSprite.ubulk" 419
"../../../Engine/Content/EditorResources/SequenceRecorder/Countdown.uasset" 420
"../../../Engine/Content/EditorResources/SequenceRecorder/Countdown.uexp" 421
"../../../Engine/Content/EditorResources/SequenceRecorder/RecordingIndicator.uasset" 422
"../../../Engine/Content/EditorResources/SequenceRecorder/RecordingIndicator.uexp" 423
"../../../Engine/Content/EditorResources/AI/S_NavLink.uasset" 424
"../../../Engine/Content/EditorResources/AI/S_NavLink.uexp" 425
"../../../Engine/Content/EditorResources/Spline/T_Loft_Spline.uasset" 426
"../../../Engine/Content/EditorResources/Spline/T_Loft_Spline.uexp" 427
"../../../Engine/Content/EditorResources/LightIcons/S_LightError.uasset" 428
"../../../Engine/Content/EditorResources/LightIcons/S_LightError.uexp" 429
"../../../Engine/Content/EditorResources/LightIcons/S_LightSpot.uasset" 430
"../../../Engine/Content/EditorResources/LightIcons/S_LightSpot.uexp" 431
"../../../Engine/Content/EditorResources/LightIcons/S_LightSpotMove.uasset" 432
"../../../Engine/Content/EditorResources/LightIcons/S_LightSpotMove.uexp" 433
"../../../Engine/Content/EditorResources/LightIcons/SkyLight.uasset" 434
"../../../Engine/Content/EditorResources/LightIcons/SkyLight.uexp" 435
"../../../Engine/Content/EditorResources/LightIcons/S_LightPoint.uasset" 436
"../../../Engine/Content/EditorResources/LightIcons/S_LightPoint.uexp" 437
"../../../Engine/Content/EditorResources/LightIcons/S_LightPointMove.uasset" 438
"../../../Engine/Content/EditorResources/LightIcons/S_LightPointMove.uexp" 439
"../../../Engine/Content/EditorResources/LightIcons/S_LightDirectional.uasset" 440
"../../../Engine/Content/EditorResources/LightIcons/S_LightDirectional.uexp" 441
"../../../Engine/Content/EditorResources/LightIcons/S_LightDirectionalMove.uasset" 442
"../../../Engine/Content/EditorResources/LightIcons/S_LightDirectionalMove.uexp" 443
"../../../Engine/Content/EngineMaterials/DefaultMaterial.uasset" 444
"../../../Engine/Content/EngineMaterials/DefaultMaterial.uexp" 445
"../../../Engine/Content/BasicShapes/Cone.uasset" 446
"../../../Engine/Content/BasicShapes/Cone.uexp" 447
"../../../Engine/Content/BasicShapes/Cube.uasset" 448
"../../../Engine/Content/BasicShapes/Cube.uexp" 449
"../../../Engine/Content/BasicShapes/Plane.uasset" 450
"../../../Engine/Content/BasicShapes/Plane.uexp" 451
"../../../Engine/Content/Functions/Engine_MaterialFunctions02/Utility/MakeFloat2.uasset" 452
"../../../Engine/Content/Functions/Engine_MaterialFunctions02/Utility/MakeFloat2.uexp" 453
"../../../Engine/Content/Functions/Engine_MaterialFunctions02/ScreenResolution.uasset" 454
"../../../Engine/Content/Functions/Engine_MaterialFunctions02/ScreenResolution.uexp" 455
"../../../Engine/Content/Functions/Engine_MaterialFunctions01/Texturing/ScaleUVsByCenter.uasset" 456
"../../../Engine/Content/Functions/Engine_MaterialFunctions01/Texturing/ScaleUVsByCenter.uexp" 457
"../../../Engine/Content/Functions/Engine_MaterialFunctions02/Texturing/ScreenAlignedUVs.uasset" 458
"../../../Engine/Content/Functions/Engine_MaterialFunctions02/Texturing/ScreenAlignedUVs.uexp" 459
"../../../Engine/Content/EngineMaterials/MiniFont.uasset" 460
"../../../Engine/Content/EngineMaterials/MiniFont.uexp" 461
"../../../Engine/Content/BufferVisualization/CustomStencil.uasset" 462
"../../../Engine/Content/BufferVisualization/CustomStencil.uexp" 463
"../../../Engine/Content/BufferVisualization/LightingModel.uasset" 464
"../../../Engine/Content/BufferVisualization/LightingModel.uexp" 465
"../../../Engine/Content/BufferVisualization/SubsurfaceColor.uasset" 466
"../../../Engine/Content/BufferVisualization/SubsurfaceColor.uexp" 467
"../../../Engine/Content/BufferVisualization/WorldNormal.uasset" 468
"../../../Engine/Content/BufferVisualization/WorldNormal.uexp" 469
"../../../Engine/Content/Functions/Engine_MaterialFunctions02/Utility/VectorLength.uasset" 470
"../../../Engine/Content/Functions/Engine_MaterialFunctions02/Utility/VectorLength.uexp" 471
"../../../Engine/Content/BufferVisualization/SceneDepthWorldUnits.uasset" 472
"../../../Engine/Content/BufferVisualization/SceneDepthWorldUnits.uexp" 473
"../../../Engine/Content/BufferVisualization/Opacity.uasset" 474
"../../../Engine/Content/BufferVisualization/Opacity.uexp" 475
"../../../Engine/Content/BufferVisualization/SeparateTranslucencyRGB.uasset" 476
"../../../Engine/Content/BufferVisualization/SeparateTranslucencyRGB.uexp" 477
"../../../Engine/Content/BufferVisualization/BaseColor.uasset" 478
"../../../Engine/Content/BufferVisualization/BaseColor.uexp" 479
"../../../Engine/Content/BufferVisualization/Metallic.uasset" 480
"../../../Engine/Content/BufferVisualization/Metallic.uexp" 481
"../../../Engine/Content/BufferVisualization/Velocity.uasset" 482
"../../../Engine/Content/BufferVisualization/Velocity.uexp" 483
"../../../Engine/Content/BufferVisualization/MaterialAO.uasset" 484
"../../../Engine/Content/BufferVisualization/MaterialAO.uexp" 485
"../../../Engine/Content/BufferVisualization/SeparateTranslucencyA.uasset" 486
"../../../Engine/Content/BufferVisualization/SeparateTranslucencyA.uexp" 487
"../../../Engine/Content/BufferVisualization/SceneDepth.uasset" 488
"../../../Engine/Content/BufferVisualization/SceneDepth.uexp" 489
"../../../Engine/Content/BufferVisualization/WorldTangent.uasset" 490
"../../../Engine/Content/BufferVisualization/WorldTangent.uexp" 491
"../../../Engine/Content/BufferVisualization/Specular.uasset" 492
"../../../Engine/Content/BufferVisualization/Specular.uexp" 493
"../../../Engine/Content/Functions/Engine_MaterialFunctions02/Utility/AppendMany.uasset" 494
"../../../Engine/Content/Functions/Engine_MaterialFunctions02/Utility/AppendMany.uexp" 495
"../../../Engine/Content/BufferVisualization/Anisotropy.uasset" 496
"../../../Engine/Content/BufferVisualization/Anisotropy.uexp" 497
"../../../Engine/Content/BufferVisualization/PostTonemapHDRColor.uasset" 498
"../../../Engine/Content/BufferVisualization/PostTonemapHDRColor.uexp" 499
"../../../Engine/Content/BufferVisualization/SceneColor.uasset" 500
"../../../Engine/Content/BufferVisualization/SceneColor.uexp" 501
"../../../Engine/Content/BufferVisualization/PreTonemapHDRColor.uasset" 502
"../../../Engine/Content/BufferVisualization/PreTonemapHDRColor.uexp" 503
"../../../Engine/Content/BufferVisualization/FinalImage.uasset" 504
"../../../Engine/Content/BufferVisualization/FinalImage.uexp" 505
"../../../Engine/Content/EngineMaterials/DefaultPhysicalMaterial.uasset" 506
"../../../Engine/Content/EngineMaterials/DefaultPhysicalMaterial.uexp" 507
"../../../Engine/Content/BufferVisualization/AmbientOcclusion.uasset" 508
"../../../Engine/Content/BufferVisualization/AmbientOcclusion.uexp" 509
"../../../Engine/Content/BufferVisualization/CustomDepth.uasset" 510
"../../../Engine/Content/BufferVisualization/CustomDepth.uexp" 511
"../../../Engine/Content/BufferVisualization/Roughness.uasset" 512
"../../../Engine/Content/BufferVisualization/Roughness.uexp" 513
"../../../Engine/Content/BufferVisualization/CustomDepthWorldUnits.uasset" 514
"../../../Engine/Content/BufferVisualization/CustomDepthWorldUnits.uexp" 515
"../../../Engine/Content/Functions/Engine_MaterialFunctions01/Shading/PowerToRoughness.uasset" 516
"../../../Engine/Content/Functions/Engine_MaterialFunctions01/Shading/PowerToRoughness.uexp" 517
"../../../Engine/Content/EditorMaterials/Tick.uasset" 518
"../../../Engine/Content/EditorMaterials/Tick.uexp" 519
"../../../Engine/Content/EditorMaterials/Tick_Mat.uasset" 520
"../../../Engine/Content/EditorMaterials/Tick_Mat.uexp" 521
"../../../Engine/Content/EditorMaterials/WidgetMaterial_X.uasset" 522
"../../../Engine/Content/EditorMaterials/WidgetMaterial_X.uexp" 523
"../../../Engine/Content/EditorMaterials/WidgetMaterial_Z.uasset" 524
"../../../Engine/Content/EditorMaterials/WidgetMaterial_Z.uexp" 525
"../../../Engine/Content/EditorMaterials/PreviewShadowIndicator.uasset" 526
"../../../Engine/Content/EditorMaterials/PreviewShadowIndicator.uexp" 527
"../../../Engine/Content/EditorMaterials/PreviewShadowIndicator.ubulk" 528
"../../../Engine/Content/EditorMaterials/PreviewShadowIndicatorMaterial.uasset" 529
"../../../Engine/Content/EditorMaterials/PreviewShadowIndicatorMaterial.uexp" 530
"../../../Engine/Content/EditorMaterials/WidgetMaterial.uasset" 531
"../../../Engine/Content/EditorMaterials/WidgetMaterial.uexp" 532
"../../../Engine/Content/EditorMaterials/PhAT_NoCollisionMaterial.uasset" 533
"../../../Engine/Content/EditorMaterials/PhAT_NoCollisionMaterial.uexp" 534
"../../../Engine/Content/EditorMaterials/PhAT_BoneSelectedMaterial.uasset" 535
"../../../Engine/Content/EditorMaterials/PhAT_BoneSelectedMaterial.uexp" 536
"../../../Engine/Content/EditorMaterials/Cross.uasset" 537
"../../../Engine/Content/EditorMaterials/Cross.uexp" 538
"../../../Engine/Content/EditorMaterials/Cross_Mat.uasset" 539
"../../../Engine/Content/EditorMaterials/Cross_Mat.uexp" 540
"../../../Engine/Content/EditorResources/T_EditorHelp.uasset" 541
"../../../Engine/Content/EditorResources/T_EditorHelp.uexp" 542
"../../../Engine/Content/EditorResources/T_EditorHelp.ubulk" 543
"../../../Engine/Content/Functions/Engine_MaterialFunctions02/Utility/Sign.uasset" 544
"../../../Engine/Content/Functions/Engine_MaterialFunctions02/Utility/Sign.uexp" 545
"../../../Engine/Content/Functions/Engine_MaterialFunctions02/Utility/Round.uasset" 546
"../../../Engine/Content/Functions/Engine_MaterialFunctions02/Utility/Round.uexp" 547
"../../../Engine/Content/Functions/Engine_MaterialFunctions02/ExampleContent/Textures/DebugNumberPeriod.uasset" 548
"../../../Engine/Content/Functions/Engine_MaterialFunctions02/ExampleContent/Textures/DebugNumberPeriod.uexp" 549
"../../../Engine/Content/Functions/Engine_MaterialFunctions02/ExampleContent/DebugNumberStrip.uasset" 550
"../../../Engine/Content/Functions/Engine_MaterialFunctions02/ExampleContent/DebugNumberStrip.uexp" 551
"../../../Engine/Content/Functions/Engine_MaterialFunctions01/Texturing/ComputeMipLevel.uasset" 552
"../../../Engine/Content/Functions/Engine_MaterialFunctions01/Texturing/ComputeMipLevel.uexp" 553
"../../../Engine/Content/Functions/Engine_MaterialFunctions01/Texturing/TextureCropping.uasset" 554
"../../../Engine/Content/Functions/Engine_MaterialFunctions01/Texturing/TextureCropping.uexp" 555
"../../../Engine/Content/Functions/Engine_MaterialFunctions02/Utility/DebugScalarValues.uasset" 556
"../../../Engine/Content/Functions/Engine_MaterialFunctions02/Utility/DebugScalarValues.uexp" 557
"../../../Engine/Content/Functions/Engine_MaterialFunctions02/Utility/DebugFloat2Values.uasset" 558
"../../../Engine/Content/Functions/Engine_MaterialFunctions02/Utility/DebugFloat2Values.uexp" 559
"../../../Engine/Content/Functions/Engine_MaterialFunctions02/ExampleContent/Textures/flipbook.uasset" 560
"../../../Engine/Content/Functions/Engine_MaterialFunctions02/ExampleContent/Textures/flipbook.uexp" 561
"../../../Engine/Content/Functions/Engine_MaterialFunctions02/ExampleContent/Textures/flipbook.ubulk" 562
"../../../Engine/Content/Functions/Engine_MaterialFunctions02/Texturing/FlipBook.uasset" 563
"../../../Engine/Content/Functions/Engine_MaterialFunctions02/Texturing/FlipBook.uexp" 564
"../../../Engine/Content/EditorMaterials/HelpActorMaterial.uasset" 565
"../../../Engine/Content/EditorMaterials/HelpActorMaterial.uexp" 566
"../../../Engine/Content/EditorMaterials/WidgetMaterial_Y.uasset" 567
"../../../Engine/Content/EditorMaterials/WidgetMaterial_Y.uexp" 568
"../../../Engine/Content/EditorMaterials/TargetIcon.uasset" 569
"../../../Engine/Content/EditorMaterials/TargetIcon.uexp" 570
"../../../Engine/Content/EditorMaterials/TargetIcon.ubulk" 571
"../../../Engine/Content/EditorMaterials/WidgetVertexColorMaterial.uasset" 572
"../../../Engine/Content/EditorMaterials/WidgetVertexColorMaterial.uexp" 573
"../../../Engine/Content/EditorMaterials/WidgetMaterial_Current.uasset" 574
"../../../Engine/Content/EditorMaterials/WidgetMaterial_Current.uexp" 575
"../../../Engine/Content/EditorMaterials/TilingAALineIntegral.uasset" 576
"../../../Engine/Content/EditorMaterials/TilingAALineIntegral.uexp" 577
"../../../Engine/Content/EditorMaterials/TilingAALineBoxFiltered.uasset" 578
"../../../Engine/Content/EditorMaterials/TilingAALineBoxFiltered.uexp" 579
"../../../Engine/Content/EngineMaterials/BlendFunc_DefBase.uasset" 580
"../../../Engine/Content/EngineMaterials/BlendFunc_DefBase.uexp" 581
"../../../Engine/Content/EngineMaterials/BlendFunc_DefBlend.uasset" 582
"../../../Engine/Content/EngineMaterials/BlendFunc_DefBlend.uexp" 583
"../../../Engine/Content/Functions/Engine_MaterialFunctions03/Blends/Blend_Screen.uasset" 584
"../../../Engine/Content/Functions/Engine_MaterialFunctions03/Blends/Blend_Screen.uexp" 585
"../../../Engine/Content/Functions/Engine_MaterialFunctions03/Procedurals/ComputeFilterWidth.uasset" 586
"../../../Engine/Content/Functions/Engine_MaterialFunctions03/Procedurals/ComputeFilterWidth.uexp" 587
"../../../Engine/Content/EditorMaterials/TilingAAGrid.uasset" 588
"../../../Engine/Content/EditorMaterials/TilingAAGrid.uexp" 589
"../../../Engine/Content/EditorMaterials/CompositeARGBLayer.uasset" 590
"../../../Engine/Content/EditorMaterials/CompositeARGBLayer.uexp" 591
"../../../Engine/Content/EditorMaterials/TilingAADots.uasset" 592
"../../../Engine/Content/EditorMaterials/TilingAADots.uexp" 593
"../../../Engine/Content/EditorMaterials/LevelGridMaterial.uasset" 594
"../../../Engine/Content/EditorMaterials/LevelGridMaterial.uexp" 595
"../../../Engine/Content/EditorMaterials/MAT_Groups_Toggle.uasset" 596
"../../../Engine/Content/EditorMaterials/MAT_Groups_Toggle.uexp" 597
"../../../Engine/Content/EditorMaterials/PhAT_ElemSelectedMaterial.uasset" 598
"../../../Engine/Content/EditorMaterials/PhAT_ElemSelectedMaterial.uexp" 599
"../../../Engine/Content/EditorMaterials/WidgetGridVertexColorMaterial.uasset" 600
"../../../Engine/Content/EditorMaterials/WidgetGridVertexColorMaterial.uexp" 601
"../../../Engine/Content/EditorMaterials/WidgetGridVertexColorMaterial.ubulk" 602
"../../../Engine/Content/EditorMaterials/WidgetGridVertexColorMaterial_Ma.uasset" 603
"../../../Engine/Content/EditorMaterials/WidgetGridVertexColorMaterial_Ma.uexp" 604
"../../../Engine/Content/EditorMaterials/PhAT_UnselectedMaterial.uasset" 605
"../../../Engine/Content/EditorMaterials/PhAT_UnselectedMaterial.uexp" 606
"../../../Engine/Content/EditorMaterials/MAT_Groups_Visibility.uasset" 607
"../../../Engine/Content/EditorMaterials/MAT_Groups_Visibility.uexp" 608
"../../../Engine/Content/EditorResources/LevelGrid1DStripes.uasset" 609
"../../../Engine/Content/EditorResources/LevelGrid1DStripes.uexp" 610
"../../../Engine/Content/EditorMaterials/TextureGridCascaded1D.uasset" 611
"../../../Engine/Content/EditorMaterials/TextureGridCascaded1D.uexp" 612
"../../../Engine/Content/EditorMaterials/TextureGridCascaded2D.uasset" 613
"../../../Engine/Content/EditorMaterials/TextureGridCascaded2D.uexp" 614
"../../../Engine/Content/EditorMaterials/MakeCompositeARGBLayer.uasset" 615
"../../../Engine/Content/EditorMaterials/MakeCompositeARGBLayer.uexp" 616
"../../../Engine/Content/EditorMaterials/LevelGridMaterial2.uasset" 617
"../../../Engine/Content/EditorMaterials/LevelGridMaterial2.uexp" 618
"../../../Engine/Content/EditorMaterials/ParticleSystems/PSysThumbnail_NoImage.uasset" 619
"../../../Engine/Content/EditorMaterials/ParticleSystems/PSysThumbnail_NoImage.uexp" 620
"../../../Engine/Content/EditorMaterials/ParticleSystems/PSysThumbnail_NoImage.ubulk" 621
"../../../Engine/Content/EditorMaterials/ParticleSystems/PSysThumbnail_OOD.uasset" 622
"../../../Engine/Content/EditorMaterials/ParticleSystems/PSysThumbnail_OOD.uexp" 623
"../../../Engine/Content/EditorMaterials/ParticleSystems/PSysThumbnail_OOD.ubulk" 624
"../../../Engine/Content/EditorMaterials/MatineeGroups/MAT_Groups_Vector.uasset" 625
"../../../Engine/Content/EditorMaterials/MatineeGroups/MAT_Groups_Vector.uexp" 626
"../../../Engine/Content/EditorMaterials/MatineeGroups/MAT_ColorTrack.uasset" 627
"../../../Engine/Content/EditorMaterials/MatineeGroups/MAT_ColorTrack.uexp" 628
"../../../Engine/Content/EditorMaterials/MatineeGroups/MAT_Groups_AudioMaster.uasset" 629
"../../../Engine/Content/EditorMaterials/MatineeGroups/MAT_Groups_AudioMaster.uexp" 630
"../../../Engine/Content/EditorMaterials/MatineeGroups/MAT_Groups_Sound.uasset" 631
"../../../Engine/Content/EditorMaterials/MatineeGroups/MAT_Groups_Sound.uexp" 632
"../../../Engine/Content/EditorMaterials/MatineeGroups/MAT_Groups_Float.uasset" 633
"../../../Engine/Content/EditorMaterials/MatineeGroups/MAT_Groups_Float.uexp" 634
"../../../Engine/Content/EditorMaterials/MatineeGroups/MAT_Groups_Director.uasset" 635
"../../../Engine/Content/EditorMaterials/MatineeGroups/MAT_Groups_Director.uexp" 636
"../../../Engine/Content/EditorMaterials/MatineeGroups/MAT_Groups_Move.uasset" 637
"../../../Engine/Content/EditorMaterials/MatineeGroups/MAT_Groups_Move.uexp" 638
"../../../Engine/Content/EditorMaterials/MatineeGroups/MAT_Groups_Event.uasset" 639
"../../../Engine/Content/EditorMaterials/MatineeGroups/MAT_Groups_Event.uexp" 640
"../../../Engine/Content/EditorMaterials/MatineeGroups/MAT_Groups_Fade.uasset" 641
"../../../Engine/Content/EditorMaterials/MatineeGroups/MAT_Groups_Fade.uexp" 642
"../../../Engine/Content/EditorMaterials/MatineeGroups/MAT_Groups_Anim.uasset" 643
"../../../Engine/Content/EditorMaterials/MatineeGroups/MAT_Groups_Anim.uexp" 644
"../../../Engine/Content/EditorMaterials/MatineeGroups/MAT_Groups_Slomo.uasset" 645
"../../../Engine/Content/EditorMaterials/MatineeGroups/MAT_Groups_Slomo.uexp" 646
"../../../Engine/Content/EngineMaterials/Grid.uasset" 647
"../../../Engine/Content/EngineMaterials/Grid.uexp" 648
"../../../Engine/Content/EngineMaterials/Grid.ubulk" 649
"../../../Engine/Content/EditorMaterials/Thumbnails/FloorPlaneMaterial.uasset" 650
"../../../Engine/Content/EditorMaterials/Thumbnails/FloorPlaneMaterial.uexp" 651
"../../../Engine/Content/EngineSounds/Master.uasset" 652
"../../../Engine/Content/EngineSounds/Master.uexp" 653
"../../../Engine/Content/EngineMeshes/Cylinder.uasset" 654
"../../../Engine/Content/EngineMeshes/Cylinder.uexp" 655
"../../../Engine/Content/EngineMeshes/Sphere.uasset" 656
"../../../Engine/Content/EngineMeshes/Sphere.uexp" 657
"../../../Engine/Content/EngineSky/VolumetricClouds/CloudWeatherTexture.uasset" 658
"../../../Engine/Content/EngineSky/VolumetricClouds/CloudWeatherTexture.uexp" 659
"../../../Engine/Content/EngineSky/VolumetricClouds/T_NoiseShape64.uasset" 660
"../../../Engine/Content/EngineSky/VolumetricClouds/T_NoiseShape64.uexp" 661
"../../../Engine/Content/EngineSky/VolumetricClouds/T_NoiseShape64.ubulk" 662
"../../../Engine/Content/EngineSky/VolumetricClouds/T_VolumeNoiseShape64.uasset" 663
"../../../Engine/Content/EngineSky/VolumetricClouds/T_VolumeNoiseShape64.uexp" 664
"../../../Engine/Content/EngineSky/VolumetricClouds/T_NoiseErosion.uasset" 665
"../../../Engine/Content/EngineSky/VolumetricClouds/T_NoiseErosion.uexp" 666
"../../../Engine/Content/EngineSky/VolumetricClouds/T_NoiseErosion.ubulk" 667
"../../../Engine/Content/EngineSky/VolumetricClouds/T_VolumeNoiseErosion32.uasset" 668
"../../../Engine/Content/EngineSky/VolumetricClouds/T_VolumeNoiseErosion32.uexp" 669
"../../../Engine/Content/EngineSky/VolumetricClouds/CloudGradientTexture.uasset" 670
"../../../Engine/Content/EngineSky/VolumetricClouds/CloudGradientTexture.uexp" 671
"../../../Engine/Content/EngineSky/VolumetricClouds/m_SimpleVolumetricCloud.uasset" 672
"../../../Engine/Content/EngineSky/VolumetricClouds/m_SimpleVolumetricCloud.uexp" 673
"../../../Engine/Content/EngineSky/VolumetricClouds/m_SimpleVolumetricCloud_Inst.uasset" 674
"../../../Engine/Content/EngineSky/VolumetricClouds/m_SimpleVolumetricCloud_Inst.uexp" 675
"../../../Engine/Content/VREditor/TransformGizmo/TranslucentTransformGizmoMaterial.uasset" 676
"../../../Engine/Content/VREditor/TransformGizmo/TranslucentTransformGizmoMaterial.uexp" 677
"../../../Engine/Content/VREditor/LaserPointer/VR_LaserPower_01.uasset" 678
"../../../Engine/Content/VREditor/LaserPointer/VR_LaserPower_01.uexp" 679
"../../../Engine/Content/VREditor/LaserPointer/VR_LaserPower_01.ubulk" 680
"../../../Engine/Content/VREditor/TransformGizmo/TransformGizmoMaterial.uasset" 681
"../../../Engine/Content/VREditor/TransformGizmo/TransformGizmoMaterial.uexp" 682
"../../../Engine/Content/VREditor/TransformGizmo/PlaneTranslationHandle.uasset" 683
"../../../Engine/Content/VREditor/TransformGizmo/PlaneTranslationHandle.uexp" 684
"../../../Engine/Content/VREditor/TransformGizmo/Xray.uasset" 685
"../../../Engine/Content/VREditor/TransformGizmo/Xray.uexp" 686
"../../../Engine/Content/VREditor/TransformGizmo/Main.uasset" 687
"../../../Engine/Content/VREditor/TransformGizmo/Main.uexp" 688
"../../../Engine/Content/VREditor/TransformGizmo/SM_Sequencer_Key.uasset" 689
"../../../Engine/Content/VREditor/TransformGizmo/SM_Sequencer_Key.uexp" 690
"../../../Engine/Content/VREditor/TransformGizmo/BoundingBoxCorner.uasset" 691
"../../../Engine/Content/VREditor/TransformGizmo/BoundingBoxCorner.uexp" 692
"../../../Engine/Content/VREditor/TransformGizmo/SM_Sequencer_Node.uasset" 693
"../../../Engine/Content/VREditor/TransformGizmo/SM_Sequencer_Node.uexp" 694
"../../../Engine/Content/VREditor/TransformGizmo/BoundingBoxEdge.uasset" 695
"../../../Engine/Content/VREditor/TransformGizmo/BoundingBoxEdge.uexp" 696
"../../../Engine/Content/MapTemplates/Sky/DaylightAmbientCubemap.uasset" 697
"../../../Engine/Content/MapTemplates/Sky/DaylightAmbientCubemap.uexp" 698
"../../../Engine/Content/BasicShapes/Cylinder.uasset" 699
"../../../Engine/Content/BasicShapes/Cylinder.uexp" 700
"../../../Engine/Content/ArtTools/RenderToTexture/Materials/Debug/M_Emissive_Color.uasset" 701
"../../../Engine/Content/ArtTools/RenderToTexture/Materials/Debug/M_Emissive_Color.uexp" 702
"../../../Engine/Plugins/FX/Niagara/Content/Icons/S_ParticleSystem.uasset" 703
"../../../Engine/Plugins/FX/Niagara/Content/Icons/S_ParticleSystem.uexp" 704
"../../../Engine/Plugins/FX/Niagara/Content/Icons/S_ParticleSystem.ubulk" 705
"../../../Engine/Plugins/Runtime/ResonanceAudio/Content/ResonanceReverbDefault.uasset" 706
"../../../Engine/Plugins/Runtime/ResonanceAudio/Content/ResonanceReverbDefault.uexp" 707
"../../../Engine/Plugins/Runtime/ResonanceAudio/Content/ResonanceSubmixDefault.uasset" 708
"../../../Engine/Plugins/Runtime/ResonanceAudio/Content/ResonanceSubmixDefault.uexp" 709
"../../../Engine/Plugins/2D/Paper2D/Content/PlaceholderTextures/DummySpriteTexture.uasset" 710
"../../../Engine/Plugins/2D/Paper2D/Content/PlaceholderTextures/DummySpriteTexture.uexp" 711
"../../../Engine/Plugins/2D/Paper2D/Content/PlaceholderTextures/DummySpriteTexture.ubulk" 712
"../../../Engine/Plugins/2D/Paper2D/Content/DefaultSpriteMaterial.uasset" 713
"../../../Engine/Plugins/2D/Paper2D/Content/DefaultSpriteMaterial.uexp" 714
"../../../Engine/Plugins/2D/Paper2D/Content/OpaqueUnlitSpriteMaterial.uasset" 715
"../../../Engine/Plugins/2D/Paper2D/Content/OpaqueUnlitSpriteMaterial.uexp" 716
"../../../Engine/Plugins/2D/Paper2D/Content/DummySprite.uasset" 717
"../../../Engine/Plugins/2D/Paper2D/Content/DummySprite.uexp" 718
"../../../Engine/Plugins/2D/Paper2D/Content/DefaultPaperTerrainMaterial.uasset" 719
"../../../Engine/Plugins/2D/Paper2D/Content/DefaultPaperTerrainMaterial.uexp" 720
"../../../Engine/Plugins/2D/Paper2D/Content/MaskedUnlitSpriteMaterial.uasset" 721
"../../../Engine/Plugins/2D/Paper2D/Content/MaskedUnlitSpriteMaterial.uexp" 722
"../../../Engine/Plugins/Editor/SpeedTreeImporter/Content/SpeedTree9/EmptyNormal.uasset" 723
"../../../Engine/Plugins/Editor/SpeedTreeImporter/Content/SpeedTree9/EmptyNormal.uexp" 724
"../../../Engine/Plugins/Editor/SpeedTreeImporter/Content/SpeedTree9/Empty.uasset" 725
"../../../Engine/Plugins/Editor/SpeedTreeImporter/Content/SpeedTree9/Empty.uexp" 726
"../../../Engine/Plugins/Editor/SpeedTreeImporter/Content/SpeedTree9/UnpackInteger3.uasset" 727
"../../../Engine/Plugins/Editor/SpeedTreeImporter/Content/SpeedTree9/UnpackInteger3.uexp" 728
"../../../Engine/Plugins/Editor/SpeedTreeImporter/Content/SpeedTree9/SpeedTreeBillboard.uasset" 729
"../../../Engine/Plugins/Editor/SpeedTreeImporter/Content/SpeedTree9/SpeedTreeBillboard.uexp" 730
"../../../Engine/Plugins/Editor/SpeedTreeImporter/Content/SpeedTree9/UnpackDirection.uasset" 731
"../../../Engine/Plugins/Editor/SpeedTreeImporter/Content/SpeedTree9/UnpackDirection.uexp" 732
"../../../Engine/Plugins/Editor/SpeedTreeImporter/Content/SpeedTree9/game_wind_noise.uasset" 733
"../../../Engine/Plugins/Editor/SpeedTreeImporter/Content/SpeedTree9/game_wind_noise.uexp" 734
"../../../Engine/Plugins/Editor/SpeedTreeImporter/Content/SpeedTree9/game_wind_noise.ubulk" 735
"../../../Engine/Content/Functions/Engine_MaterialFunctions02/SafeNormalize.uasset" 736
"../../../Engine/Content/Functions/Engine_MaterialFunctions02/SafeNormalize.uexp" 737
"../../../Engine/Plugins/Editor/SpeedTreeImporter/Content/SpeedTree9/SpeedTreeWindMotion.uasset" 738
"../../../Engine/Plugins/Editor/SpeedTreeImporter/Content/SpeedTree9/SpeedTreeWindMotion.uexp" 739
"../../../Engine/Plugins/Editor/SpeedTreeImporter/Content/SpeedTree9/SpeedTreeBranchMotion.uasset" 740
"../../../Engine/Plugins/Editor/SpeedTreeImporter/Content/SpeedTree9/SpeedTreeBranchMotion.uexp" 741
"../../../Engine/Content/Functions/Engine_MaterialFunctions02/ObjectLocalBounds.uasset" 742
"../../../Engine/Content/Functions/Engine_MaterialFunctions02/ObjectLocalBounds.uexp" 743
"../../../Engine/Content/Functions/Engine_MaterialFunctions02/UVs/BoundingBoxBased_0-1_UVW.uasset" 744
"../../../Engine/Content/Functions/Engine_MaterialFunctions02/UVs/BoundingBoxBased_0-1_UVW.uexp" 745
"../../../Engine/Content/Functions/Engine_MaterialFunctions02/WorldPositionOffset/ObjectScale.uasset" 746
"../../../Engine/Content/Functions/Engine_MaterialFunctions02/WorldPositionOffset/ObjectScale.uexp" 747
"../../../Engine/Plugins/Editor/SpeedTreeImporter/Content/SpeedTree9/SpeedTreeWind.uasset" 748
"../../../Engine/Plugins/Editor/SpeedTreeImporter/Content/SpeedTree9/SpeedTreeWind.uexp" 749
"../../../Engine/Plugins/Editor/SpeedTreeImporter/Content/SpeedTree9/SpeedTreeBillboardMaster.uasset" 750
"../../../Engine/Plugins/Editor/SpeedTreeImporter/Content/SpeedTree9/SpeedTreeBillboardMaster.uexp" 751
"../../../Engine/Plugins/Editor/SpeedTreeImporter/Content/SpeedTree9/SpeedTreeCameraFacing.uasset" 752
"../../../Engine/Plugins/Editor/SpeedTreeImporter/Content/SpeedTree9/SpeedTreeCameraFacing.uexp" 753
"../../../Engine/Plugins/Editor/SpeedTreeImporter/Content/SpeedTree9/SpeedTreeMaster.uasset" 754
"../../../Engine/Plugins/Editor/SpeedTreeImporter/Content/SpeedTree9/SpeedTreeMaster.uexp" 755
"../../../Engine/Content/Maps/Entry_BuiltData.uasset" 756
"../../../Engine/Content/Maps/Entry_BuiltData.uexp" 757
"../../../Engine/Content/Maps/Entry.uexp" 758
"../../../Engine/Content/Maps/Entry.umap" 759
"/Users/oliverursell/Documents/Unreal Projects/MazeGameTry2/Content/VRTemplate/Maps/VRTemplateMap_BuiltData.uasset" 760
"/Users/oliverursell/Documents/Unreal Projects/MazeGameTry2/Content/VRTemplate/Maps/VRTemplateMap_BuiltData.uexp" 761
"/Users/oliverursell/Documents/Unreal Projects/MazeGameTry2/Content/VRTemplate/Maps/VRTemplateMap_BuiltData.ubulk" 762
"../../../Engine/Plugins/Runtime/OpenXR/Content/Devices/OculusTouch_v2/MRTexture.uasset" 763
"../../../Engine/Plugins/Runtime/OpenXR/Content/Devices/OculusTouch_v2/MRTexture.uexp" 764
"../../../Engine/Plugins/Runtime/OpenXR/Content/Devices/OculusTouch_v2/MRTexture.ubulk" 765
"../../../Engine/Plugins/Runtime/OpenXR/Content/Devices/OculusTouch_v2/BaseTexture.uasset" 766
"../../../Engine/Plugins/Runtime/OpenXR/Content/Devices/OculusTouch_v2/BaseTexture.uexp" 767
"../../../Engine/Plugins/Runtime/OpenXR/Content/Devices/OculusTouch_v2/BaseTexture.ubulk" 768
"../../../Engine/Content/EngineResources/Black.uasset" 769
"../../../Engine/Content/EngineResources/Black.uexp" 770
"../../../Engine/Plugins/Runtime/OpenXR/Content/Devices/M_XRController.uasset" 771
"../../../Engine/Plugins/Runtime/OpenXR/Content/Devices/M_XRController.uexp" 772
"../../../Engine/Plugins/Runtime/OpenXR/Content/Devices/OculusTouch_v2/MI_OculusTouch_v2.uasset" 773
"../../../Engine/Plugins/Runtime/OpenXR/Content/Devices/OculusTouch_v2/MI_OculusTouch_v2.uexp" 774
"../../../Engine/Plugins/Runtime/OpenXR/Content/Devices/OculusTouch_v2/Right/right_OculusTouch_v2Controller.uasset" 775
"../../../Engine/Plugins/Runtime/OpenXR/Content/Devices/OculusTouch_v2/Right/right_OculusTouch_v2Controller.uexp" 776
"../../../Engine/Plugins/Runtime/OpenXR/Content/Devices/OculusTouch_v2/Left/left_OculusTouch_v2Controller.uasset" 777
"../../../Engine/Plugins/Runtime/OpenXR/Content/Devices/OculusTouch_v2/Left/left_OculusTouch_v2Controller.uexp" 778
"/Users/oliverursell/Documents/Unreal Projects/MazeGameTry2/Content/Hands/QK_CustomHand_Skeleton.uasset" 779
"/Users/oliverursell/Documents/Unreal Projects/MazeGameTry2/Content/Hands/QK_CustomHand_Skeleton.uexp" 780
"/Users/oliverursell/Documents/Unreal Projects/MazeGameTry2/Content/Hands/QK_CustomHand_PhysicsAsset.uasset" 781
"/Users/oliverursell/Documents/Unreal Projects/MazeGameTry2/Content/Hands/QK_CustomHand_PhysicsAsset.uexp" 782
"/Users/oliverursell/Documents/Unreal Projects/MazeGameTry2/Content/Hands/T_QK_Glove_N.uasset" 783
"/Users/oliverursell/Documents/Unreal Projects/MazeGameTry2/Content/Hands/T_QK_Glove_N.uexp" 784
"/Users/oliverursell/Documents/Unreal Projects/MazeGameTry2/Content/Hands/T_QK_Glove_N.ubulk" 785
"/Users/oliverursell/Documents/Unreal Projects/MazeGameTry2/Content/Hands/T_QK_Glove_AORM.uasset" 786
"/Users/oliverursell/Documents/Unreal Projects/MazeGameTry2/Content/Hands/T_QK_Glove_AORM.uexp" 787
"/Users/oliverursell/Documents/Unreal Projects/MazeGameTry2/Content/Hands/T_QK_Glove_AORM.ubulk" 788
"/Users/oliverursell/Documents/Unreal Projects/MazeGameTry2/Content/Hands/T_QK_Glove_BC.uasset" 789
"/Users/oliverursell/Documents/Unreal Projects/MazeGameTry2/Content/Hands/T_QK_Glove_BC.uexp" 790
"/Users/oliverursell/Documents/Unreal Projects/MazeGameTry2/Content/Hands/T_QK_Glove_BC.ubulk" 791
"/Users/oliverursell/Documents/Unreal Projects/MazeGameTry2/Content/Hands/m_hand.uasset" 792
"/Users/oliverursell/Documents/Unreal Projects/MazeGameTry2/Content/Hands/m_hand.uexp" 793
"/Users/oliverursell/Documents/Unreal Projects/MazeGameTry2/Content/Hands/QK_CustomHand.uasset" 794
"/Users/oliverursell/Documents/Unreal Projects/MazeGameTry2/Content/Hands/QK_CustomHand.uexp" 795
"../../../Engine/Plugins/FX/Niagara/Content/Enums/ENiagara_InfiniteLoopDuration.uasset" 796
"../../../Engine/Plugins/FX/Niagara/Content/Enums/ENiagara_InfiniteLoopDuration.uexp" 797
"../../../Engine/Plugins/FX/Niagara/Content/Enums/ENiagara_EmitterStateOptions.uasset" 798
"../../../Engine/Plugins/FX/Niagara/Content/Enums/ENiagara_EmitterStateOptions.uexp" 799
"../../../Engine/Plugins/FX/Niagara/Content/Modules/Update/Lifetime/ParticleState.uasset" 800
"../../../Engine/Plugins/FX/Niagara/Content/Modules/Update/Lifetime/ParticleState.uexp" 801
"../../../Engine/Plugins/FX/Niagara/Content/Functions/System/SystemChangeState.uasset" 802
"../../../Engine/Plugins/FX/Niagara/Content/Functions/System/SystemChangeState.uexp" 803
"../../../Engine/Plugins/FX/Niagara/Content/Enums/ENiagaraSystemInactiveMode.uasset" 804
"../../../Engine/Plugins/FX/Niagara/Content/Enums/ENiagaraSystemInactiveMode.uexp" 805
"../../../Engine/Plugins/FX/Niagara/Content/Modules/System/SystemState.uasset" 806
"../../../Engine/Plugins/FX/Niagara/Content/Modules/System/SystemState.uexp" 807
"../../../Engine/Plugins/FX/Niagara/Content/Enums/ENiagaraRandomnessMode.uasset" 808
"../../../Engine/Plugins/FX/Niagara/Content/Enums/ENiagaraRandomnessMode.uexp" 809
"../../../Engine/Plugins/FX/Niagara/Content/Enums/ENiagaraRandomnessEvaluation.uasset" 810
"../../../Engine/Plugins/FX/Niagara/Content/Enums/ENiagaraRandomnessEvaluation.uexp" 811
"../../../Engine/Plugins/FX/Niagara/Content/Functions/V2/CalculateRandomRangeFloat.uasset" 812
"../../../Engine/Plugins/FX/Niagara/Content/Functions/V2/CalculateRandomRangeFloat.uexp" 813
"../../../Engine/Plugins/FX/Niagara/Content/Modules/Emitter/SpawnBurst_Instantaneous.uasset" 814
"../../../Engine/Plugins/FX/Niagara/Content/Modules/Emitter/SpawnBurst_Instantaneous.uexp" 815
"../../../Engine/Plugins/FX/Niagara/Content/Functions/Emitter/EmitterChangeState.uasset" 816
"../../../Engine/Plugins/FX/Niagara/Content/Functions/Emitter/EmitterChangeState.uexp" 817
"../../../Engine/Plugins/FX/Niagara/Content/Enums/ENiagaraExecutionStateManagement.uasset" 818
"../../../Engine/Plugins/FX/Niagara/Content/Enums/ENiagaraExecutionStateManagement.uexp" 819
"../../../Engine/Plugins/FX/Niagara/Content/Enums/ENiagaraInactiveMode.uasset" 820
"../../../Engine/Plugins/FX/Niagara/Content/Enums/ENiagaraInactiveMode.uexp" 821
"../../../Engine/Plugins/FX/Niagara/Content/Enums/ENiagaraEmitterScalabilityMode_Limited.uasset" 822
"../../../Engine/Plugins/FX/Niagara/Content/Enums/ENiagaraEmitterScalabilityMode_Limited.uexp" 823
"../../../Engine/Plugins/FX/Niagara/Content/Enums/ENiagaraEmitterLifeCycleMode.uasset" 824
"../../../Engine/Plugins/FX/Niagara/Content/Enums/ENiagaraEmitterLifeCycleMode.uexp" 825
"../../../Engine/Plugins/FX/Niagara/Content/Modules/Emitter/EmitterState.uasset" 826
"../../../Engine/Plugins/FX/Niagara/Content/Modules/Emitter/EmitterState.uexp" 827
"../../../Engine/Plugins/FX/Niagara/Content/DynamicInputs/Multiply/Multiply_VectorByFloat.uasset" 828
"../../../Engine/Plugins/FX/Niagara/Content/DynamicInputs/Multiply/Multiply_VectorByFloat.uexp" 829
"/Users/oliverursell/Documents/Unreal Projects/MazeGameTry2/Content/VRTemplate/VFX/NPC_VRTemplate.uasset" 830
"/Users/oliverursell/Documents/Unreal Projects/MazeGameTry2/Content/VRTemplate/VFX/NPC_VRTemplate.uexp" 831
"/Users/oliverursell/Documents/Unreal Projects/MazeGameTry2/Content/VRTemplate/Materials/DefaultRibbonMaterial_NoGradient.uasset" 832
"/Users/oliverursell/Documents/Unreal Projects/MazeGameTry2/Content/VRTemplate/Materials/DefaultRibbonMaterial_NoGradient.uexp" 833
"../../../Engine/Plugins/FX/Niagara/Content/Modules/Update/Color/Color.uasset" 834
"../../../Engine/Plugins/FX/Niagara/Content/Modules/Update/Color/Color.uexp" 835
"../../../Engine/Plugins/FX/Niagara/Content/Functions/GetRandomInfo.uasset" 836
"../../../Engine/Plugins/FX/Niagara/Content/Functions/GetRandomInfo.uexp" 837
"../../../Engine/Plugins/FX/Niagara/Content/Functions/RandomRangeFloat.uasset" 838
"../../../Engine/Plugins/FX/Niagara/Content/Functions/RandomRangeFloat.uexp" 839
"../../../Engine/Plugins/FX/Niagara/Content/Functions/Localspace/SimulationPosition.uasset" 840
"../../../Engine/Plugins/FX/Niagara/Content/Functions/Localspace/SimulationPosition.uexp" 841
"../../../Engine/Plugins/FX/Niagara/Content/Modules/Spawn/Initialization/InitializeParticle.uasset" 842
"../../../Engine/Plugins/FX/Niagara/Content/Modules/Spawn/Initialization/InitializeParticle.uexp" 843
"../../../Engine/Plugins/FX/Niagara/Content/Functions/DirectionAndLengthSafe.uasset" 844
"../../../Engine/Plugins/FX/Niagara/Content/Functions/DirectionAndLengthSafe.uexp" 845
"../../../Engine/Plugins/FX/Niagara/Content/Modules/Solvers/SolveForcesAndVelocity.uasset" 846
"../../../Engine/Plugins/FX/Niagara/Content/Modules/Solvers/SolveForcesAndVelocity.uexp" 847
"../../../Engine/Plugins/FX/Niagara/Content/Functions/Spline/FindPositionOnBezierSpline.uasset" 848
"../../../Engine/Plugins/FX/Niagara/Content/Functions/Spline/FindPositionOnBezierSpline.uexp" 849
"../../../Engine/Plugins/FX/Niagara/Content/Functions/NormalizedExecutionIndex.uasset" 850
"../../../Engine/Plugins/FX/Niagara/Content/Functions/NormalizedExecutionIndex.uexp" 851
"../../../Engine/Plugins/FX/Niagara/Content/Modules/Beams/SpawnBeam.uasset" 852
"../../../Engine/Plugins/FX/Niagara/Content/Modules/Beams/SpawnBeam.uexp" 853
"../../../Engine/Plugins/FX/Niagara/Content/Modules/Beams/BeamWidth.uasset" 854
"../../../Engine/Plugins/FX/Niagara/Content/Modules/Beams/BeamWidth.uexp" 855
"../../../Engine/Plugins/FX/Niagara/Content/Functions/Localspace/TransformBase.uasset" 856
"../../../Engine/Plugins/FX/Niagara/Content/Functions/Localspace/TransformBase.uexp" 857
"../../../Engine/Plugins/FX/Niagara/Content/Functions/Localspace/TransformVector.uasset" 858
"../../../Engine/Plugins/FX/Niagara/Content/Functions/Localspace/TransformVector.uexp" 859
"../../../Engine/Plugins/FX/Niagara/Content/Functions/Localspace/TransformPosition.uasset" 860
"../../../Engine/Plugins/FX/Niagara/Content/Functions/Localspace/TransformPosition.uexp" 861
"../../../Engine/Plugins/FX/Niagara/Content/DynamicInputs/Helpers/SimulationPosition.uasset" 862
"../../../Engine/Plugins/FX/Niagara/Content/DynamicInputs/Helpers/SimulationPosition.uexp" 863
"../../../Engine/Plugins/FX/Niagara/Content/Modules/Beams/BeamEmitterSetup.uasset" 864
"../../../Engine/Plugins/FX/Niagara/Content/Modules/Beams/BeamEmitterSetup.uexp" 865
"../../../Engine/Plugins/FX/Niagara/Content/DynamicInputs/ValueFromCurve/FloatFromCurve.uasset" 866
"../../../Engine/Plugins/FX/Niagara/Content/DynamicInputs/ValueFromCurve/FloatFromCurve.uexp" 867
"../../../Engine/Plugins/FX/Niagara/Content/DynamicInputs/ValueFromCurve/ColorFromCurve.uasset" 868
"../../../Engine/Plugins/FX/Niagara/Content/DynamicInputs/ValueFromCurve/ColorFromCurve.uexp" 869
"/Users/oliverursell/Documents/Unreal Projects/MazeGameTry2/Content/VRTemplate/VFX/NS_TeleportTrace.uasset" 870
"/Users/oliverursell/Documents/Unreal Projects/MazeGameTry2/Content/VRTemplate/VFX/NS_TeleportTrace.uexp" 871
"../../../Engine/Plugins/FX/Niagara/Content/Enums/ENiagara_MassInitializationMode.uasset" 872
"../../../Engine/Plugins/FX/Niagara/Content/Enums/ENiagara_MassInitializationMode.uexp" 873
"../../../Engine/Plugins/FX/Niagara/Content/Enums/ENiagara_LifetimeMode.uasset" 874
"../../../Engine/Plugins/FX/Niagara/Content/Enums/ENiagara_LifetimeMode.uexp" 875
"../../../Engine/Plugins/FX/Niagara/Content/Enums/ENiagara_ColorInitializationMode.uasset" 876
"../../../Engine/Plugins/FX/Niagara/Content/Enums/ENiagara_ColorInitializationMode.uexp" 877
"../../../Engine/Plugins/FX/Niagara/Content/Functions/LinearColor/HueShiftLinearColor.uasset" 878
"../../../Engine/Plugins/FX/Niagara/Content/Functions/LinearColor/HueShiftLinearColor.uexp" 879
"../../../Engine/Plugins/FX/Niagara/Content/Functions/V2/CalculateRandomRange.uasset" 880
"../../../Engine/Plugins/FX/Niagara/Content/Functions/V2/CalculateRandomRange.uexp" 881
"../../../Engine/Plugins/FX/Niagara/Content/Enums/Ribbons/ENiagara_UnsetDirectSet.uasset" 882
"../../../Engine/Plugins/FX/Niagara/Content/Enums/Ribbons/ENiagara_UnsetDirectSet.uexp" 883
"../../../Engine/Plugins/FX/Niagara/Content/Enums/ENiagaraChannelCorrelation.uasset" 884
"../../../Engine/Plugins/FX/Niagara/Content/Enums/ENiagaraChannelCorrelation.uexp" 885
"../../../Engine/Plugins/FX/Niagara/Content/Enums/ENiagara_PositionInitializationMode.uasset" 886
"../../../Engine/Plugins/FX/Niagara/Content/Enums/ENiagara_PositionInitializationMode.uexp" 887
"../../../Engine/Plugins/FX/Niagara/Content/Modules/Spawn/Initialization/InitializeRibbon.uasset" 888
"../../../Engine/Plugins/FX/Niagara/Content/Modules/Spawn/Initialization/InitializeRibbon.uexp" 889
"../../../Engine/Plugins/FX/Niagara/Content/DynamicInputs/Execution/ReturnNormalizedExecIndex.uasset" 890
"../../../Engine/Plugins/FX/Niagara/Content/DynamicInputs/Execution/ReturnNormalizedExecIndex.uexp" 891
"../../../Engine/Content/Functions/Engine_MaterialFunctions02/Utility/DepthFromWorldPosition.uasset" 892
"../../../Engine/Content/Functions/Engine_MaterialFunctions02/Utility/DepthFromWorldPosition.uexp" 893
"/Users/oliverursell/Documents/Unreal Projects/MazeGameTry2/Content/VRTemplate/Materials/Functions/MF_OccludedPixels.uasset" 894
"/Users/oliverursell/Documents/Unreal Projects/MazeGameTry2/Content/VRTemplate/Materials/Functions/MF_OccludedPixels.uexp" 895
"../../../Engine/Content/EngineMaterials/Good64x64TilingNoiseHighFreq.uasset" 896
"../../../Engine/Content/EngineMaterials/Good64x64TilingNoiseHighFreq.uexp" 897
"/Users/oliverursell/Documents/Unreal Projects/MazeGameTry2/Content/VRTemplate/Materials/M_TeleportCylinder.uasset" 898
"/Users/oliverursell/Documents/Unreal Projects/MazeGameTry2/Content/VRTemplate/Materials/M_TeleportCylinder.uexp" 899
"/Users/oliverursell/Documents/Unreal Projects/MazeGameTry2/Content/VRTemplate/Materials/M_TeleportNoise.uasset" 900
"/Users/oliverursell/Documents/Unreal Projects/MazeGameTry2/Content/VRTemplate/Materials/M_TeleportNoise.uexp" 901
"../../../Engine/Plugins/FX/Niagara/Content/Enums/ENiagaraTorusMode.uasset" 902
"../../../Engine/Plugins/FX/Niagara/Content/Enums/ENiagaraTorusMode.uexp" 903
"../../../Engine/Plugins/FX/Niagara/Content/Functions/Rotation/AxisAngleToQuaternion.uasset" 904
"../../../Engine/Plugins/FX/Niagara/Content/Functions/Rotation/AxisAngleToQuaternion.uexp" 905
"../../../Engine/Plugins/FX/Niagara/Content/Functions/RandomRange.uasset" 906
"../../../Engine/Plugins/FX/Niagara/Content/Functions/RandomRange.uexp" 907
"../../../Engine/Plugins/FX/Niagara/Content/Functions/ParametricTorusKnot.uasset" 908
"../../../Engine/Plugins/FX/Niagara/Content/Functions/ParametricTorusKnot.uexp" 909
"../../../Engine/Plugins/FX/Niagara/Content/Functions/PolarToCartesianCoordinates.uasset" 910
"../../../Engine/Plugins/FX/Niagara/Content/Functions/PolarToCartesianCoordinates.uexp" 911
"../../../Engine/Plugins/FX/Niagara/Content/Functions/ParametricTorus.uasset" 912
"../../../Engine/Plugins/FX/Niagara/Content/Functions/ParametricTorus.uexp" 913
"../../../Engine/Plugins/FX/Niagara/Content/Functions/Rotation/MultiplyQuaternion.uasset" 914
"../../../Engine/Plugins/FX/Niagara/Content/Functions/Rotation/MultiplyQuaternion.uexp" 915
"../../../Engine/Plugins/FX/Niagara/Content/Functions/Rotation/MultiplyVectorWithQuaternion.uasset" 916
"../../../Engine/Plugins/FX/Niagara/Content/Functions/Rotation/MultiplyVectorWithQuaternion.uexp" 917
"../../../Engine/Plugins/FX/Niagara/Content/Functions/Rotation/FindQuatBetween.uasset" 918
"../../../Engine/Plugins/FX/Niagara/Content/Functions/Rotation/FindQuatBetween.uexp" 919
"../../../Engine/Plugins/FX/Niagara/Content/Enums/ENiagaraTorusDistributionMode.uasset" 920
"../../../Engine/Plugins/FX/Niagara/Content/Enums/ENiagaraTorusDistributionMode.uexp" 921
"../../../Engine/Plugins/FX/Niagara/Content/Modules/Spawn/Location/TorusLocation.uasset" 922
"../../../Engine/Plugins/FX/Niagara/Content/Modules/Spawn/Location/TorusLocation.uexp" 923
"../../../Engine/Plugins/FX/Niagara/Content/Enums/ENiagara_UVFlippingMode.uasset" 924
"../../../Engine/Plugins/FX/Niagara/Content/Enums/ENiagara_UVFlippingMode.uexp" 925
"../../../Engine/Plugins/FX/Niagara/Content/Enums/ENiagara_SpriteRotationMode.uasset" 926
"../../../Engine/Plugins/FX/Niagara/Content/Enums/ENiagara_SpriteRotationMode.uexp" 927
"../../../Engine/Plugins/FX/Niagara/Content/Enums/ENiagara_SizeScaleMode.uasset" 928
"../../../Engine/Plugins/FX/Niagara/Content/Enums/ENiagara_SizeScaleMode.uexp" 929
"../../../Engine/Plugins/FX/Niagara/Content/Functions/V2/CalculateRandomRangeInteger.uasset" 930
"../../../Engine/Plugins/FX/Niagara/Content/Functions/V2/CalculateRandomRangeInteger.uexp" 931
"../../../Engine/Plugins/FX/Niagara/Content/Functions/V2/CalculateRandomBool.uasset" 932
"../../../Engine/Plugins/FX/Niagara/Content/Functions/V2/CalculateRandomBool.uexp" 933
"../../../Engine/Plugins/FX/Niagara/Content/Enums/Ribbons/ENiagara_UnsetDirectSetRandom.uasset" 934
"../../../Engine/Plugins/FX/Niagara/Content/Enums/Ribbons/ENiagara_UnsetDirectSetRandom.uexp" 935
"../../../Engine/Plugins/FX/Niagara/Content/Modules/Spawn/Initialization/V2/InitializeParticle.uasset" 936
"../../../Engine/Plugins/FX/Niagara/Content/Modules/Spawn/Initialization/V2/InitializeParticle.uexp" 937
"/Users/oliverursell/Documents/Unreal Projects/MazeGameTry2/Content/VRTemplate/VFX/NS_TeleportRing.uasset" 938
"/Users/oliverursell/Documents/Unreal Projects/MazeGameTry2/Content/VRTemplate/VFX/NS_TeleportRing.uexp" 939
"../../../Engine/Plugins/FX/Niagara/Content/DynamicInputs/Multiply/Multiply_Vector.uasset" 940
"../../../Engine/Plugins/FX/Niagara/Content/DynamicInputs/Multiply/Multiply_Vector.uexp" 941
"../../../Engine/Plugins/FX/Niagara/Content/DynamicInputs/Execution/ReturnExecIndex.uasset" 942
"../../../Engine/Plugins/FX/Niagara/Content/DynamicInputs/Execution/ReturnExecIndex.uexp" 943
"../../../Engine/Plugins/FX/Niagara/Content/Enums/ENiagaraArraySamplingMode.uasset" 944
"../../../Engine/Plugins/FX/Niagara/Content/Enums/ENiagaraArraySamplingMode.uexp" 945
"../../../Engine/Plugins/FX/Niagara/Content/Enums/ENiagara_WrapClamp.uasset" 946
"../../../Engine/Plugins/FX/Niagara/Content/Enums/ENiagara_WrapClamp.uexp" 947
"../../../Engine/Plugins/FX/Niagara/Content/DynamicInputs/Arrays/SelectVectorFromArray.uasset" 948
"../../../Engine/Plugins/FX/Niagara/Content/DynamicInputs/Arrays/SelectVectorFromArray.uexp" 949
"/Users/oliverursell/Documents/Unreal Projects/MazeGameTry2/Content/VRTemplate/VFX/NS_PlayAreaBounds.uasset" 950
"/Users/oliverursell/Documents/Unreal Projects/MazeGameTry2/Content/VRTemplate/VFX/NS_PlayAreaBounds.uexp" 951
"/Users/oliverursell/Documents/Unreal Projects/MazeGameTry2/Content/VRTemplate/Blueprints/VRTeleportVisualizer.uasset" 952
"/Users/oliverursell/Documents/Unreal Projects/MazeGameTry2/Content/VRTemplate/Blueprints/VRTeleportVisualizer.uexp" 953
"/Users/oliverursell/Documents/Unreal Projects/MazeGameTry2/Content/VRTemplate/VFX/NS_MenuLaser.uasset" 954
"/Users/oliverursell/Documents/Unreal Projects/MazeGameTry2/Content/VRTemplate/VFX/NS_MenuLaser.uexp" 955
"/Users/oliverursell/Documents/Unreal Projects/MazeGameTry2/Content/VRTemplate/Blueprints/WidgetMenu.uasset" 956
"/Users/oliverursell/Documents/Unreal Projects/MazeGameTry2/Content/VRTemplate/Blueprints/WidgetMenu.uexp" 957
"/Users/oliverursell/Documents/Unreal Projects/MazeGameTry2/Content/VRTemplate/Materials/M_VRCursor.uasset" 958
"/Users/oliverursell/Documents/Unreal Projects/MazeGameTry2/Content/VRTemplate/Materials/M_VRCursor.uexp" 959
"../../../Engine/Content/EditorBlueprintResources/StandardMacros.uasset" 960
"../../../Engine/Content/EditorBlueprintResources/StandardMacros.uexp" 961
"../../../Engine/Content/BasicShapes/Sphere.uasset" 962
"../../../Engine/Content/BasicShapes/Sphere.uexp" 963
"/Users/oliverursell/Documents/Unreal Projects/MazeGameTry2/Content/VRTemplate/Blueprints/Menu.uasset" 964
"/Users/oliverursell/Documents/Unreal Projects/MazeGameTry2/Content/VRTemplate/Blueprints/Menu.uexp" 965
"/Users/oliverursell/Documents/Unreal Projects/MazeGameTry2/Content/Hands/Enum_HandAnim.uasset" 966
"/Users/oliverursell/Documents/Unreal Projects/MazeGameTry2/Content/Hands/Enum_HandAnim.uexp" 967
"/Users/oliverursell/Documents/Unreal Projects/MazeGameTry2/Content/VRTemplate/Blueprints/GrabType.uasset" 968
"/Users/oliverursell/Documents/Unreal Projects/MazeGameTry2/Content/VRTemplate/Blueprints/GrabType.uexp" 969
"/Users/oliverursell/Documents/Unreal Projects/MazeGameTry2/Content/VRTemplate/Blueprints/VRInteractionBPI.uasset" 970
"/Users/oliverursell/Documents/Unreal Projects/MazeGameTry2/Content/VRTemplate/Blueprints/VRInteractionBPI.uexp" 971
"/Users/oliverursell/Documents/Unreal Projects/MazeGameTry2/Content/VRTemplate/Haptics/GrabHapticEffect.uasset" 972
"/Users/oliverursell/Documents/Unreal Projects/MazeGameTry2/Content/VRTemplate/Haptics/GrabHapticEffect.uexp" 973
"/Users/oliverursell/Documents/Unreal Projects/MazeGameTry2/Content/VRTemplate/Blueprints/GrabComponent.uasset" 974
"/Users/oliverursell/Documents/Unreal Projects/MazeGameTry2/Content/VRTemplate/Blueprints/GrabComponent.uexp" 975
"../../../Engine/Content/Animation/DefaultAnimBoneCompressionSettings.uasset" 976
"../../../Engine/Content/Animation/DefaultAnimBoneCompressionSettings.uexp" 977
"../../../Engine/Content/Animation/DefaultAnimCurveCompressionSettings.uasset" 978
"../../../Engine/Content/Animation/DefaultAnimCurveCompressionSettings.uexp" 979
"/Users/oliverursell/Documents/Unreal Projects/MazeGameTry2/Content/Hands/Animations/ANIM_QK_ThumbsUpMiddleOpen.uasset" 980
"/Users/oliverursell/Documents/Unreal Projects/MazeGameTry2/Content/Hands/Animations/ANIM_QK_ThumbsUpMiddleOpen.uexp" 981
"/Users/oliverursell/Documents/Unreal Projects/MazeGameTry2/Content/Hands/Animations/ANIM_QK_ThumbsUp.uasset" 982
"/Users/oliverursell/Documents/Unreal Projects/MazeGameTry2/Content/Hands/Animations/ANIM_QK_ThumbsUp.uexp" 983
"/Users/oliverursell/Documents/Unreal Projects/MazeGameTry2/Content/Hands/Animations/ANIM_QK_PointMiddleOpen.uasset" 984
"/Users/oliverursell/Documents/Unreal Projects/MazeGameTry2/Content/Hands/Animations/ANIM_QK_PointMiddleOpen.uexp" 985
"/Users/oliverursell/Documents/Unreal Projects/MazeGameTry2/Content/Hands/Animations/ANIM_QK_Pointing.uasset" 986
"/Users/oliverursell/Documents/Unreal Projects/MazeGameTry2/Content/Hands/Animations/ANIM_QK_Pointing.uexp" 987
"/Users/oliverursell/Documents/Unreal Projects/MazeGameTry2/Content/Hands/Animations/ANIM_QK_Open.uasset" 988
"/Users/oliverursell/Documents/Unreal Projects/MazeGameTry2/Content/Hands/Animations/ANIM_QK_Open.uexp" 989
"/Users/oliverursell/Documents/Unreal Projects/MazeGameTry2/Content/Hands/Animations/ANIM_QK_GripMiddleOpen.uasset" 990
"/Users/oliverursell/Documents/Unreal Projects/MazeGameTry2/Content/Hands/Animations/ANIM_QK_GripMiddleOpen.uexp" 991
"/Users/oliverursell/Documents/Unreal Projects/MazeGameTry2/Content/Hands/Animations/ANIM_QK_Grip.uasset" 992
"/Users/oliverursell/Documents/Unreal Projects/MazeGameTry2/Content/Hands/Animations/ANIM_QK_Grip.uexp" 993
"/Users/oliverursell/Documents/Unreal Projects/MazeGameTry2/Content/Hands/Animations/ANIM_QK_FingerGun.uasset" 994
"/Users/oliverursell/Documents/Unreal Projects/MazeGameTry2/Content/Hands/Animations/ANIM_QK_FingerGun.uexp" 995
"/Users/oliverursell/Documents/Unreal Projects/MazeGameTry2/Content/Hands/Enum_ObjectType.uasset" 996
"/Users/oliverursell/Documents/Unreal Projects/MazeGameTry2/Content/Hands/Enum_ObjectType.uexp" 997
"/Users/oliverursell/Documents/Unreal Projects/MazeGameTry2/Content/Hands/BP_HandAnim.uasset" 998
"/Users/oliverursell/Documents/Unreal Projects/MazeGameTry2/Content/Hands/BP_HandAnim.uexp" 999
"../../../Engine/Content/BasicShapes/BasicShapeMaterial.uasset" 1000
"../../../Engine/Content/BasicShapes/BasicShapeMaterial.uexp" 1001
"/Users/oliverursell/Documents/Unreal Projects/MazeGameTry2/Content/VRTemplate/Blueprints/VRPawn.uasset" 1002
"/Users/oliverursell/Documents/Unreal Projects/MazeGameTry2/Content/VRTemplate/Blueprints/VRPawn.uexp" 1003
"/Users/oliverursell/Documents/Unreal Projects/MazeGameTry2/Content/VRTemplate/Blueprints/VRGameMode.uasset" 1004
"/Users/oliverursell/Documents/Unreal Projects/MazeGameTry2/Content/VRTemplate/Blueprints/VRGameMode.uexp" 1005
"/Users/oliverursell/Documents/Unreal Projects/MazeGameTry2/Content/Maze/NodeMeshes/ThreeExit.uasset" 1006
"/Users/oliverursell/Documents/Unreal Projects/MazeGameTry2/Content/Maze/NodeMeshes/ThreeExit.uexp" 1007
"/Users/oliverursell/Documents/Unreal Projects/MazeGameTry2/Content/Maze/NodeBPs/ThreeExitBlender.uasset" 1008
"/Users/oliverursell/Documents/Unreal Projects/MazeGameTry2/Content/Maze/NodeBPs/ThreeExitBlender.uexp" 1009
"/Users/oliverursell/Documents/Unreal Projects/MazeGameTry2/Content/Maze/NodeMeshes/StraightExit.uasset" 1010
"/Users/oliverursell/Documents/Unreal Projects/MazeGameTry2/Content/Maze/NodeMeshes/StraightExit.uexp" 1011
"/Users/oliverursell/Documents/Unreal Projects/MazeGameTry2/Content/Maze/NodeBPs/StraightExitBlender.uasset" 1012
"/Users/oliverursell/Documents/Unreal Projects/MazeGameTry2/Content/Maze/NodeBPs/StraightExitBlender.uexp" 1013
"/Users/oliverursell/Documents/Unreal Projects/MazeGameTry2/Content/Maze/NodeMeshes/OneExit.uasset" 1014
"/Users/oliverursell/Documents/Unreal Projects/MazeGameTry2/Content/Maze/NodeMeshes/OneExit.uexp" 1015
"/Users/oliverursell/Documents/Unreal Projects/MazeGameTry2/Content/Maze/NodeBPs/OneExitBlender.uasset" 1016
"/Users/oliverursell/Documents/Unreal Projects/MazeGameTry2/Content/Maze/NodeBPs/OneExitBlender.uexp" 1017
"/Users/oliverursell/Documents/Unreal Projects/MazeGameTry2/Content/Maze/NodeMeshes/Floor.uasset" 1018
"/Users/oliverursell/Documents/Unreal Projects/MazeGameTry2/Content/Maze/NodeMeshes/Floor.uexp" 1019
"/Users/oliverursell/Documents/Unreal Projects/MazeGameTry2/Content/Maze/NodeBPs/FourExitBlender.uasset" 1020
"/Users/oliverursell/Documents/Unreal Projects/MazeGameTry2/Content/Maze/NodeBPs/FourExitBlender.uexp" 1021
"/Users/oliverursell/Documents/Unreal Projects/MazeGameTry2/Content/Maze/NodeMeshes/CornerExit.uasset" 1022
"/Users/oliverursell/Documents/Unreal Projects/MazeGameTry2/Content/Maze/NodeMeshes/CornerExit.uexp" 1023
"/Users/oliverursell/Documents/Unreal Projects/MazeGameTry2/Content/Maze/NodeBPs/CornerExitBlender.uasset" 1024
"/Users/oliverursell/Documents/Unreal Projects/MazeGameTry2/Content/Maze/NodeBPs/CornerExitBlender.uexp" 1025
"/Users/oliverursell/Documents/Unreal Projects/MazeGameTry2/Content/Maze/NodeMeshes/NoExit.uasset" 1026
"/Users/oliverursell/Documents/Unreal Projects/MazeGameTry2/Content/Maze/NodeMeshes/NoExit.uexp" 1027
"/Users/oliverursell/Documents/Unreal Projects/MazeGameTry2/Content/Maze/NodeBPs/ClosedWallsBlender.uasset" 1028
"/Users/oliverursell/Documents/Unreal Projects/MazeGameTry2/Content/Maze/NodeBPs/ClosedWallsBlender.uexp" 1029
"/Users/oliverursell/Documents/Unreal Projects/MazeGameTry2/Content/Maze/Maze.uasset" 1030
"/Users/oliverursell/Documents/Unreal Projects/MazeGameTry2/Content/Maze/Maze.uexp" 1031
"/Users/oliverursell/Documents/Unreal Projects/MazeGameTry2/Content/VRTemplate/Maps/VRTemplateMap.uexp" 1032
"/Users/oliverursell/Documents/Unreal Projects/MazeGameTry2/Content/VRTemplate/Maps/VRTemplateMap.umap" 1033
